Importing modules
Starting time
Reading in files
Prepare models
Model bert.subjective exists in /home/commando/.danlp/bert.subjective
Model bert.noemotion exists in /home/commando/.danlp/bert.noemotion
Model bert.emotion exists in /home/commando/.danlp/bert.emotion
Model bert.polarity exists in /home/commando/.danlp/bert.polarity
Running model on row number 0 now finished - time in min: 0.555639139811198
Running model on row number 100 now finished - time in min: 0.6101864377657572
Running model on row number 200 now finished - time in min: 1.0592188954353332
Running model on row number 300 now finished - time in min: 1.5526806791623433
Running model on row number 400 now finished - time in min: 1.9570790608723958
Running model on row number 500 now finished - time in min: 2.4333784858385723
Running model on row number 600 now finished - time in min: 2.4936036586761476
Running model on row number 700 now finished - time in min: 2.9040100375811257
Running model on row number 800 now finished - time in min: 3.373375642299652
Running model on row number 800 now finished - time in min: 3.3737701853116353
Running model on row number 900 now finished - time in min: 3.776356287797292
Running model on row number 1000 now finished - time in min: 3.838660490512848
Running model on row number 1100 now finished - time in min: 4.319481285413106
Running model on row number 1100 now finished - time in min: 4.3198508222897845
Running model on row number 1100 now finished - time in min: 4.320220998922983
Running model on row number 1100 now finished - time in min: 4.320665196577708
Running model on row number 1100 now finished - time in min: 4.321044905980428
Running model on row number 1100 now finished - time in min: 4.321424043178558
Running model on row number 1100 now finished - time in min: 4.321801793575287
Running model on row number 1100 now finished - time in min: 4.3220771233240765
Running model on row number 1200 now finished - time in min: 4.735972114404043
Running model on row number 1300 now finished - time in min: 5.142284508546194
Running model on row number 1400 now finished - time in min: 5.189782047271729
Running model on row number 1400 now finished - time in min: 5.19020102818807
Running model on row number 1400 now finished - time in min: 5.190570056438446
Running model on row number 1400 now finished - time in min: 5.190938866138458
Running model on row number 1400 now finished - time in min: 5.191301647822062
Running model on row number 1400 now finished - time in min: 5.191677351792653
Running model on row number 1400 now finished - time in min: 5.191865603129069
Running model on row number 1500 now finished - time in min: 5.608485388755798
Running model on row number 1600 now finished - time in min: 5.969768448670705
Running model on row number 1700 now finished - time in min: 6.380901340643565
Running model on row number 1800 now finished - time in min: 6.428696982065836
Running model on row number 1900 now finished - time in min: 6.818986837069193
Running model on row number 2000 now finished - time in min: 7.238795153299967
Running model on row number 2100 now finished - time in min: 7.283058345317841
Running model on row number 2200 now finished - time in min: 7.710580162207285
Running model on row number 2300 now finished - time in min: 8.170907203356425
Running model on row number 2400 now finished - time in min: 8.545178310076396
Running model on row number 2500 now finished - time in min: 8.604778711001078
Running model on row number 2600 now finished - time in min: 8.988352767626445
Running model on row number 2600 now finished - time in min: 8.98874328136444
Running model on row number 2600 now finished - time in min: 8.989152797063191
Running model on row number 2600 now finished - time in min: 8.989375718434651
Running model on row number 2700 now finished - time in min: 9.36404990752538
Running model on row number 2800 now finished - time in min: 9.415602084000906
Running model on row number 2900 now finished - time in min: 9.825926383336386
Running model on row number 2900 now finished - time in min: 9.826256922880809
Running model on row number 2900 now finished - time in min: 9.826644615332286
Running model on row number 2900 now finished - time in min: 9.82698411544164
Running model on row number 2900 now finished - time in min: 9.827359739939372
Running model on row number 2900 now finished - time in min: 9.827555898825327
Running model on row number 3000 now finished - time in min: 10.265996487935384
Running model on row number 3100 now finished - time in min: 10.652957141399384
Running model on row number 3200 now finished - time in min: 10.711986553668975
Running model on row number 3300 now finished - time in min: 11.158414296309154
Running model on row number 3400 now finished - time in min: 11.549724292755126
Running model on row number 3400 now finished - time in min: 11.549926976362864
Running model on row number 3500 now finished - time in min: 11.963456026713054
Running model on row number 3600 now finished - time in min: 12.006517469882965
This sentence is too long:


Sigrid Friis (Radikale Venstre), Freja Fokdal (Radikale Venstre), Camilla Søe (Venstre), Maria Gudme (Socialdemokratiet), Clara Halvorsen (Radikale Venstre), Louise Lindskrog (Socialdemokratiet), Marta Hoffmann (Socialdemokratiet), Aida Ammary (Enhedslisten), Katrine Fugl (tidl. Venstre), Pernille Birch (tidl. Konservative), Malene Hall (Liberal Alliance), Signe Bøgevald (Liberal Alliance), Emma Have (Liberal Alliance), Hira Nadeem (Liberal Alliance), Amalie Jensen (Liberal Alliance), Silke Anna Hein, (Liberal Alliance), Maya Bengaard (Liberal Alliance), Line Brændgaard Christensen (Liberal Alliance), Laura Ventrice (Liberal Alliance), Katrine Monrad (Venstre), Ditte Wedege (Liberal Alliance), Annika Skov (Liberal Alliance), Lene Horsbøl (Venstre), Sarah Gruszow Bærentzen (Radikale Venstre), Katrine Fischer (Liberal Alliance), Ditte Scharling (Liberal Alliance), Sofie Beck (tidl.
 Sigrid Friis (Radikale Venstre), Freja Fokdal (Radikale Venstre), Camilla Søe (Venstre), Maria Gudme (Socialdemokratiet), Clara Halvorsen (Radikale Venstre), Louise Lindskrog (Socialdemokratiet), Marta Hoffmann (Socialdemokratiet), Aida Ammary (Enhedslisten), Katrine Fugl (tidl. Venstre), Pernille Birch (tidl. Konservative), Malene Hall (Liberal Alliance), Signe Bøgevald (Liberal Alliance), Emma Have (Liberal Alliance), Hira Nadeem (Liberal Alliance), Amalie Jensen (Liberal Alliance), Silke Anna Hein, (Liberal Alliance), Maya Bengaard (Liberal Alliance), Line Brændgaard Christensen (Liberal Alliance), Laura Ventrice (Liberal Alliance), Katrine Monrad (Venstre), Ditte Wedege (Liberal Alliance), Annika Skov (Liberal Alliance), Lene Horsbøl (Venstre), Sarah Gruszow Bærentzen (Radikale Venstre), Katrine Fischer (Liberal Alliance), Ditte Scharling (Liberal Alliance), Sofie Beck (tidl. Liberal Alliance), Caroline Valentiner-Branth (Radikale Venstre), Freja Holm Kristensen (Radikale Venstre), Sofie Johanna Kuhn, (Radikale Venstre), Anne Sophie Lyskjær Noer (Venstre), Katrine Kildgaard (Radikale Venstre), Louise Ahle (Venstre), Anna Dose (Venstre), Karen Holmkvist Frese (Venstre), Maria Mejse Mortensen (tidl. Radikale Venstre), Malene Lausten Hartvigsen (Venstre), Clara Frydenberg (Venstre), Anne-Sofie B. Mikkelsen (Radikale Venstre), Mette Oxholm (tidl. Venstre), Kira Marie Peter-Hansen (Socialistisk Folkeparti), Sofie Louise Rønholt Carlø (Socialistisk Folkeparti), Cecilia Zade Iseni (Konservative), Lea Friedberg (Socialdemokratiet), Julie Nymark (Venstre), Emma Marie Kongsbak Bertelsen (Venstre), Sofie Lippert (Socialistisk Folkeparti), Birgitte L. Søe (tidl. medlem af Venstre), Feline Drachmann (Venstre), Clara Sadolin (Venstre), Kristine Milling Oddershede (Venstre), Cille Hald Egholm (Venstre), Olivia Barkou Madsen (tidl. medlem af Venstre), Esther Bæk Farsøe (Socialistisk Folkeparti), Tina-Mia Eriksen (Konservative), Laura Rosenvinge (Socialdemokratiet), Karoline Vind (Socialistisk Folkeparti), Tammy Saenwicha Nielsen (Liberal Alliance), Sofie de Bretteville Olsen (Socialdemokratiet), Sofie Kohsel (Venstre), Else Marie Haurum (Liberal Alliance), Elisabeth Bast Laurents (Liberal Alliance), Nanna Bonde (Socialistisk Folkeparti), Freja Thomsen (Liberal Alliance), Laura Bøgevald (Liberal Alliance), Eva Busch (tidl. medlem af Venstre), Emilie Jäger (Liberal Alliance), Ida Veicherts (Liberal Alliance), Nicoline Gaardsøe (tidl. medlem af Venstre), Frederikke Rosenberg (Liberal Alliance), Annelouise Hvilshøj (Liberal Alliance), Katrine Skov-Hansen (Alternativet), Annika Clemens (tidl. medlem af Venstre), Anna A. Rosendal (tidl. Venstre), Sofie Christensen (Venstre), Astrid Aller (Socialistisk Folkeparti), Natasja Madsen (tidl. medlem af Venstre), Rikke Møller (Venstre), Nanna Grimstrup (Venstre), Juliane Jenvall (Venstre), Victoria Francke (Venstre), Rikke Alexandrine Troelsen (Liberal Alliance), Ditte Fredensborg (Socialdemokratiet), Nana Alrø (Venstre), Emilie Østergaard Knudsen (tidl. Alternativet), Emilie Serina Pil Rasmussen (Venstre), Sara Rønning-Bæk (Venstre), Kathrine Kjær (Radikale Venstre), Venessa Bank (Venstre), Signe Vind Krogh-Jensen (Radikale Venstre), Emma Sjørvad (Socialistisk Folkeparti), Sidsel Hjorth (Konservative), Nafisa Fiidow (tidl. Alternativet, nu Socialistisk Folkeparti), Amalie Lindkær Leth Jensen (Liberal Alliance), Trine Curting (tidl. Venstre), Anna Ockelmann (Socialistisk Folkeparti), Natasha Høyer (Venstre), Amanda Duus (Venstre), Simone Basse (Konservative), Jenny Tram Nguyen (Venstre), Victoria Brohus (Radikale Venstre), Mathilde Heinze (Venstre), Caroline Masello Horsens (Venstre), Anne Sofie Vestergaard Poulsen (Venstre), Nadja Rosing Larsen (Venstre), Ida Marie Larsen Tørnæs (Venstre), Caroline Breinholt (Radikale Venstre), Karina Bergmann (Konservative), Jino Victoria Doabi (Radikale Venstre), Kristin Blach Petersen (Venstre), Rebecca Hovgaard (Venstre), Signe-Mie Riis Jensen (Radikale Venstre), Mette Kildegaard Hansen (Radikale Venstre), Karoline Bjørk Christensen (Venstre), Franciska Dis Brodersen (tidl. Radikale Venstre), Martine Brumsbjerg (Venstre), Trine Juul Jakobsen (Venstre), Petrine Louise Johannesen (Venstre), Isabel Havndrup Aackmann (Radikale Venstre), Helene Marie Andersen (Venstre), Line Klarskov (Venstre), Agathe Engell (Radikale Venstre), Maria Georgi Sloth (Radikale Venstre), Anna Kjær (Socialistisk Folkeparti), Nicoline Højlund Lauritsen (Venstre), Josefine Westen Michaelsen (Venstre), Ida Oehlenschlæger Rasmussen (Radikale Venstre), Maria Lagoni Andersen (Venstre), Laura Marie Sinius Månsson (Socialistisk Folkeparti), Sinem Demir (Enhedslisten), Ellen Kirstine Jensen (Radikale Venstre), Lotte Kofoed (Socialistisk Folkeparti), Mette Isaksen (Socialistisk Folkeparti), Fanny Broholm (Alternativet), Charlotte Lund (Enhedslisten), Lea Nielsen (Radikale Venstre), Jeanette Kusk (Enhedslisten), Anne Hegelund (Enhedslisten), Julie Wessman Eir (Radikale Venstre), Mathilde Mørch (Venstre), Anna Overlund Sørensen (Socialistisk Folkeparti), Astrid Vang Hansen (Enhedslisten), Jenny Maria Jørgensen (Radikale Venstre), Marie Sønderhaven Christophersen (Venstre), Rosalina Svane Christensen (Enhedslisten), Maya Hultmann Sloth (Venstre), Trine Simmel (Enhedslisten),
This sentence is too long:
, Anne Mette Isabel Nielsen (Enhedslisten), Trine Madsen (Socialdemokratiet), Thea Bang (Radikale Venstre), Stine Eiby (Socialdemokratiet), Cecilie Roed Schultz (Enhedslisten), Malou Astrup Clemmensen (Socialdemokratiet), Marianne Thorius Ruskjær (Enhedslisten), Michella Lescher (Socialistisk Folkeparti), Marie Agnete Lønholdt Juhl 8 (Enhedslisten), Nikoline Brockenhuus Rindung (Socialdemokratiet), Charlotte Crockett Jørgensen (Socialdemokratiet), Runa Friis Hansen (Enhedslisten), Elise Sydendal (Socialistisk Folkeparti), Anna Sommer Harrits (Socialdemokratiet), Sarah Lindholm (Radikale Venstre), Lisbeth Torfing (Enhedslisten), Marianne Jasmine Søgaard (Socialdemokratiet), Trine Høffding Ibsen (Socialdemokratiet), Agnes Holst (Enhedslisten), Laura Kofod (Enhedslisten), Pernille Toft (Radikale Venstre), Anahita Malakians (tidl. medlem af Venstre), Nanna Silke Ploug (Socialdemokratiet), Nina Möger Bengtsson (Socialdemokratiet), Caroline Amalie Hertel (Socialdemokratiet), Anna Aaen (Enhedslisten), Bianca Vitting Montenegro (Socialistisk Folkeparti), Stine Mie Stausgaard (Socialdemokratiet), Simone Strandsbjerg (Socialdemokratiet), Ida Mosegaard (Radikale Venstre), Julie Diederichsen Juhler (Socialdemokratiet), Sørine Rasmussen (Enhedslisten), Anne Katrine Dalsgaard (Socialdemokratiet), Christina Celeste Nielsen (Enhedslisten), Sally Morks (Enhedslisten), Robin Jæger (Enhedslisten), Katrine Isabella Lund (Venstre), Maja Vedel Dyrkjær (Socialdemokratiet), Nilly Taheri (Socialdemokratiet), Ditte Helene Rasmussen (Socialistisk Folkeparti), Julie Ruby (Radikale Venstre), Julie Weile (Socialdemokratiet), Ida Skovgaard (Venstre), Cecilie Jensen (tidl. Radikale Venstre), Sofie Kümpel (Socialdemokratiet), Anne Pilgaard (Socialdemokratiet), Camilla Schwalbe (Socialdemokratiet), Aurora Elizabeth Krasniqi (Socialdemokratiet), Emilie Preuss (Venstre), Jeanne Toxværd (Enhedslisten), Frederikke Smed Mikkelsen (Socialdemokratiet), Sofie Revall (Socialdemokratiet), Johanne Kildesgaard (Enhedslisten), Anna Brændemose (Socialistisk Folkeparti), Amanda Irina Larsen (Socialdemokratiet), Elisabeth Liv Bjerregaard Christensen (Socialdemokratiet), Sidsel Stoustrup (Enhedslisten), Christine Rahr Rasmussen (Venstre), Sofie Berg Axelsen (Socialdemokratiet), Sophia Rosa Almstrup (Enhedslisten), Hildur Hagbarth Johnson (Enhedslisten), Frederikke Møllmann (Socialdemokratiet), Cecilie Sværke Priess (Socialdemokratiet), Sørine Blaaberg Neumann (Socialdemokratiet), Signe Kaulberg (Socialdemokratiet), Kirstine Jansdorf (Enhedslisten), Anastasia Kratschmer (Enhedslisten), Marie Hastrup Brisson (Konservative), Emilie Farø (Tidl. Venstre), Emma Skovgaard Jørgensen (Konservative), Emma Munk (Socialdemokratiet), Emma Kimmer Bønnelykke Nielsen (Socialdemokratiet), Lea Bille Sømod (Konservative), Cecilie Nissen Knudsen (Konservative), Anna Sofie Zaar Hastrup (tidl. Socialdemokratiet), Bolette Aagaard (Socialdemokratiet), Kristine Jonassen (Socialdemokratiet), Sarah Nørris (Enhedslisten), Inger-Kirstine Benzon (Socialistisk Folkeparti), Cea Bæk Iversen (Alternativet), Barbara Eysturoy (tidl. Socialdemokratiet), Dianna Christina Pedersen (Konservative), Julie Frølich (Socialdemokratiet), Josefine Paaske (Venstre), Frederikke Werther (Socialdemokratiet), Mette Knoth (Socialdemokratiet), Freja Hvid Kirchert (Enhedslisten), Tilde Hesteng Byrialsen (Socialdemokratiet), Sigrid Bonfils (Konservative), Mathilde Albæk Lauridsen (Socialdemokratiet), Anne Kristine Baldus (Enhedslisten), Frida Karoline Skytt (Socialdemokratiet), Feodora Wester (Socialdemokratiet), Mathilde Vinther (Enhedslisten), Charlotte Welzel Andersen (Konservative), Astrid (Socialdemokratiet), (Socialdemokratiet), Sara Sørensen (Radikale Venstre), Asta Christensen Otto (Socialistisk Folkeparti), Anna Haugsted Dehn (tidl. Radikale Venstre), Astrid Bisgaard Schmidt (Socialdemokratiet), Maria Pryds Frederiksen (Konservative), Maria Eichhorn (Alternativet), Terese Rønne (tidligere S), Dagmar Gorica Petersen (Radikale Venstre), Cæcilie Andersen (Enhedslisten), Emilie Kirstine Thorgaard Henriksen (Radikale Venstre), Julie Christensen (Konservative), Laura Pedersen (Socialdemokratiet), Line Bak (Konservative), Camilla Dreyer (Konservative), Sisse Marie Welling (Socialistisk Folkeparti), Maja Lorentzen (Venstre), Trine Chilie Thode (Socialistisk Folkeparti), Karin Dinsen (Socialdemokratiet), Charlotte Amalie Frejlev (Konservative), Vibeke Lincke Madsen (Socialdemokratiet), Simone Tofte Jensen (Socialdemokratiet), Marianne Bigum (Socialistisk Folkeparti), Amalie Lund Jensen (Socialistisk Folkeparti), Emma Kimmer Bønnelykke Nielsen (Socialdemokratiet), Camilla Victoria Moll Niemann (Venstre), Rikke From (tidl. Socialdemokratiet), Mette Annelie Rasmussen (Radikale Venstre), Cecilia Lonning-Skovgaard (Venstre), Kristine Kryger (Radikale Venstre), Helene Fagerhøj (Konservative), Ida Heise (Radikale Venstre), Caroline Marie Gehlert Hansen (Radikale Venstre), Line Amrita Andersen (Konservative), Melina Kathrine Andersen (Socialistisk Folkeparti), Line Petersen (Socialistisk Folkeparti), Anja Katrine Søndergaard (Socialistisk Folkeparti), Pernille Knudsen (Enhedslisten),.
Running model on row number 3700 now finished - time in min: 12.340598630905152
Running model on row number 3800 now finished - time in min: 12.523278284072877
Running model on row number 3800 now finished - time in min: 12.523546628157298
Running model on row number 3800 now finished - time in min: 12.523751930395763
Running model on row number 3900 now finished - time in min: 12.549258414904276
Running model on row number 3900 now finished - time in min: 12.549555138746898
Running model on row number 4000 now finished - time in min: 12.571162740389505
Running model on row number 4100 now finished - time in min: 12.736763207117717
Running model on row number 4200 now finished - time in min: 12.760198624928792
Running model on row number 4300 now finished - time in min: 12.937592975298564
Running model on row number 4300 now finished - time in min: 12.937823518117268
Running model on row number 4400 now finished - time in min: 12.9638622879982
Running model on row number 4500 now finished - time in min: 13.260033611456553
Running model on row number 4600 now finished - time in min: 13.283740746974946
Running model on row number 4700 now finished - time in min: 13.44080091714859
Running model on row number 4800 now finished - time in min: 13.4627396941185
Running model on row number 4900 now finished - time in min: 13.486176041762034
Running model on row number 4900 now finished - time in min: 13.486393078168232
Running model on row number 5000 now finished - time in min: 13.651468575000763
Running model on row number 5100 now finished - time in min: 13.675882796446482
Running model on row number 5200 now finished - time in min: 13.826876111825307
Running model on row number 5300 now finished - time in min: 13.85154382387797
Running model on row number 5400 now finished - time in min: 13.992952557404836
Running model on row number 5400 now finished - time in min: 13.993180541197459
Running model on row number 5500 now finished - time in min: 14.015893085797627
Running model on row number 5600 now finished - time in min: 14.039032200972239
Running model on row number 5700 now finished - time in min: 14.227281443277995
Running model on row number 5800 now finished - time in min: 14.250984434286753
Running model on row number 5800 now finished - time in min: 14.251212616761526
Running model on row number 5900 now finished - time in min: 14.411398800214132
Running model on row number 6000 now finished - time in min: 14.435844163099924
Running model on row number 6100 now finished - time in min: 14.588522815704346
Running model on row number 6200 now finished - time in min: 14.612561281522115
Running model on row number 6300 now finished - time in min: 14.637932248910268
Running model on row number 6400 now finished - time in min: 14.823529136180877
Running model on row number 6500 now finished - time in min: 14.849687417348227
Running model on row number 6500 now finished - time in min: 14.850006659825643
Running model on row number 6600 now finished - time in min: 15.00783660809199
Running model on row number 6700 now finished - time in min: 15.031971069176992
Running model on row number 6800 now finished - time in min: 15.25819110472997
Running model on row number 6900 now finished - time in min: 15.283198142051697
Running model on row number 7000 now finished - time in min: 15.644292187690734
Running model on row number 7100 now finished - time in min: 15.702118154366811
Running model on row number 7200 now finished - time in min: 16.141829840342204
Running model on row number 7300 now finished - time in min: 16.539084549744924
Running model on row number 7300 now finished - time in min: 16.53953473965327
Running model on row number 7300 now finished - time in min: 16.539917635917664
Running model on row number 7300 now finished - time in min: 16.54025345245997
Running model on row number 7300 now finished - time in min: 16.54059499502182
Running model on row number 7300 now finished - time in min: 16.54095947742462
Running model on row number 7400 now finished - time in min: 16.98991337219874
Running model on row number 7500 now finished - time in min: 17.37033771276474
Running model on row number 7600 now finished - time in min: 17.427136989434562
Running model on row number 7600 now finished - time in min: 17.427503077189126
Running model on row number 7600 now finished - time in min: 17.427879106998443
Running model on row number 7600 now finished - time in min: 17.428272155920663
Running model on row number 7600 now finished - time in min: 17.428648579120637
Running model on row number 7600 now finished - time in min: 17.428945473829906
Running model on row number 7700 now finished - time in min: 17.871429789066315
Running model on row number 7800 now finished - time in min: 18.23176061709722
Running model on row number 7900 now finished - time in min: 18.646343513329825
Running model on row number 8000 now finished - time in min: 18.700251762072245
Running model on row number 8100 now finished - time in min: 19.016530970732372
Running model on row number 8200 now finished - time in min: 19.432205828030906
Running model on row number 8300 now finished - time in min: 19.802858050664266
Running model on row number 8400 now finished - time in min: 19.843814726670583
Running model on row number 8500 now finished - time in min: 20.22495178381602
Running model on row number 8500 now finished - time in min: 20.22531694571177
Running model on row number 8500 now finished - time in min: 20.22571760813395
Running model on row number 8500 now finished - time in min: 20.226068500677744
Running model on row number 8500 now finished - time in min: 20.22641449769338
Running model on row number 8500 now finished - time in min: 20.226763582229616
Running model on row number 8500 now finished - time in min: 20.227086265881855
Running model on row number 8500 now finished - time in min: 20.22742513815562
Running model on row number 8500 now finished - time in min: 20.227735980351767
Running model on row number 8500 now finished - time in min: 20.22811423142751
Running model on row number 8500 now finished - time in min: 20.2283118446668
Running model on row number 8600 now finished - time in min: 20.600987033049265
Running model on row number 8700 now finished - time in min: 20.655931774775187
Running model on row number 8800 now finished - time in min: 20.93721377849579
Running model on row number 8900 now finished - time in min: 21.24171147743861
Running model on row number 9000 now finished - time in min: 21.280713375409444
Running model on row number 9100 now finished - time in min: 21.597036270300546
Running model on row number 9200 now finished - time in min: 21.637717703978222
Running model on row number 9300 now finished - time in min: 21.93705089489619
Running model on row number 9400 now finished - time in min: 22.27412147919337
Running model on row number 9500 now finished - time in min: 22.310667236646015
Running model on row number 9600 now finished - time in min: 22.61063319047292
Running model on row number 9700 now finished - time in min: 22.650958212216697
Running model on row number 9800 now finished - time in min: 22.946172587076823
Running model on row number 9900 now finished - time in min: 22.97779785792033
Running model on row number 9900 now finished - time in min: 22.978133877118427
Running model on row number 9900 now finished - time in min: 22.978534003098805
Running model on row number 9900 now finished - time in min: 22.97891189654668
Running model on row number 9900 now finished - time in min: 22.97922183672587
Running model on row number 9900 now finished - time in min: 22.97956235408783
Running model on row number 10000 now finished - time in min: 23.076160037517546
Running model on row number 10100 now finished - time in min: 23.09562275807063
Running model on row number 10200 now finished - time in min: 23.19236574570338
Running model on row number 10300 now finished - time in min: 23.21181857585907
Running model on row number 10400 now finished - time in min: 23.231629089514414
Running model on row number 10500 now finished - time in min: 23.328514794508617
Running model on row number 10600 now finished - time in min: 23.348587505022685
Running model on row number 10700 now finished - time in min: 23.444988441467284
Running model on row number 10800 now finished - time in min: 23.46487801472346
Running model on row number 10900 now finished - time in min: 23.484055352210998
Running model on row number 11000 now finished - time in min: 23.57960275411606
Running model on row number 11100 now finished - time in min: 23.599941074848175
Running model on row number 11200 now finished - time in min: 23.70012091000875
Running model on row number 11300 now finished - time in min: 23.719556192557018
Running model on row number 11400 now finished - time in min: 23.73961607217789
Running model on row number 11500 now finished - time in min: 23.82840407292048
Running model on row number 11600 now finished - time in min: 23.847831026713052
Running model on row number 11700 now finished - time in min: 23.93912088473638
Running model on row number 11800 now finished - time in min: 23.95986843506495
Running model on row number 11900 now finished - time in min: 23.978628842035928
Running model on row number 12000 now finished - time in min: 24.069473640124002
Running model on row number 12100 now finished - time in min: 24.0882931749026
Running model on row number 12200 now finished - time in min: 24.1072185476621
Running model on row number 12300 now finished - time in min: 24.19814614057541
Running model on row number 12400 now finished - time in min: 24.21814674536387
Running model on row number 12500 now finished - time in min: 24.306426195303597
Running model on row number 12600 now finished - time in min: 24.326332505544027
Running model on row number 12700 now finished - time in min: 24.34598363637924
Running model on row number 12800 now finished - time in min: 24.429672435919443
Running model on row number 12900 now finished - time in min: 24.44882736206055
Running model on row number 13000 now finished - time in min: 24.545056919256847
Running model on row number 13100 now finished - time in min: 24.5655783255895
Running model on row number 13200 now finished - time in min: 24.585743316014607
Running model on row number 13300 now finished - time in min: 24.67101411819458
Running model on row number 13400 now finished - time in min: 24.69103116194407
Running model on row number 13500 now finished - time in min: 24.78811881542206
Running model on row number 13600 now finished - time in min: 24.80829179684321
Running model on row number 13700 now finished - time in min: 24.8280974427859
Running model on row number 13800 now finished - time in min: 24.91869883934657
Running model on row number 13900 now finished - time in min: 24.937483962376913
Running model on row number 14000 now finished - time in min: 25.026651648680367
Running model on row number 14100 now finished - time in min: 25.046650644143423
Running model on row number 14200 now finished - time in min: 25.065538760026296
Running model on row number 14300 now finished - time in min: 25.155347573757172
Running model on row number 14400 now finished - time in min: 25.173985385894774
Running model on row number 14500 now finished - time in min: 25.192643825213114
Running model on row number 14600 now finished - time in min: 25.284150060017904
Running model on row number 14700 now finished - time in min: 25.304243655999503
Running model on row number 14800 now finished - time in min: 25.39985582828522
Running model on row number 14900 now finished - time in min: 25.41990764538447
Running model on row number 15000 now finished - time in min: 25.4389689207077
Running model on row number 15100 now finished - time in min: 25.80823734998703
Running model on row number 15200 now finished - time in min: 26.180252802371978
Running model on row number 15300 now finished - time in min: 26.23240533272425
Running model on row number 15400 now finished - time in min: 26.661831633249918
Running model on row number 15500 now finished - time in min: 27.044581123193105
Running model on row number 15600 now finished - time in min: 27.09785834948222
Running model on row number 15700 now finished - time in min: 27.532480788230895
Running model on row number 15800 now finished - time in min: 27.97005371252696
Running model on row number 15900 now finished - time in min: 28.354229362805686
Running model on row number 15900 now finished - time in min: 28.354532134532928
Running model on row number 15900 now finished - time in min: 28.354949506123862
Running model on row number 15900 now finished - time in min: 28.355165791511535
Running model on row number 16000 now finished - time in min: 28.40064320166906
Running model on row number 16100 now finished - time in min: 28.761563034852347
Running model on row number 16200 now finished - time in min: 29.077214165528616
Running model on row number 16300 now finished - time in min: 29.119140156110127
Running model on row number 16400 now finished - time in min: 29.462047505378724
Running model on row number 16400 now finished - time in min: 29.462295858065286
Running model on row number 16500 now finished - time in min: 29.503589844703676
Running model on row number 16600 now finished - time in min: 29.873178323109943
Running model on row number 16700 now finished - time in min: 29.91510012547175
Running model on row number 16800 now finished - time in min: 30.235200242201486
Running model on row number 16900 now finished - time in min: 30.60563622713089
Running model on row number 17000 now finished - time in min: 30.648860335350037
Running model on row number 17100 now finished - time in min: 31.002442002296448
Running model on row number 17200 now finished - time in min: 31.039931790033975
Running model on row number 17300 now finished - time in min: 31.365098170439403
Running model on row number 17400 now finished - time in min: 31.684324518839517
Running model on row number 17500 now finished - time in min: 31.723124810059865
Running model on row number 17600 now finished - time in min: 32.124452098210654
Running model on row number 17600 now finished - time in min: 32.1248766541481
Running model on row number 17600 now finished - time in min: 32.12531300385793
Running model on row number 17600 now finished - time in min: 32.12568978468577
Running model on row number 17600 now finished - time in min: 32.1261072119077
Running model on row number 17600 now finished - time in min: 32.1263040582339
Running model on row number 17700 now finished - time in min: 32.46320967674255
Running model on row number 17800 now finished - time in min: 32.50629051923752
Running model on row number 17900 now finished - time in min: 32.870497755209605
Running model on row number 18000 now finished - time in min: 32.914853525161746
Running model on row number 18100 now finished - time in min: 33.29231315056483
Running model on row number 18200 now finished - time in min: 33.5151801387469
Running model on row number 18300 now finished - time in min: 33.54422517220179
Running model on row number 18400 now finished - time in min: 33.68354211250941
Running model on row number 18500 now finished - time in min: 33.70684150457382
Running model on row number 18600 now finished - time in min: 33.72873599131902
Running model on row number 18700 now finished - time in min: 33.873833906650546
Running model on row number 18800 now finished - time in min: 33.89628912607829
Running model on row number 18900 now finished - time in min: 34.03768103122711
Running model on row number 19000 now finished - time in min: 34.06077942848206
Running model on row number 19100 now finished - time in min: 34.19313222567241
Running model on row number 19100 now finished - time in min: 34.19335379600525
Running model on row number 19200 now finished - time in min: 34.214560051759086
Running model on row number 19300 now finished - time in min: 34.23629993995031
Running model on row number 19300 now finished - time in min: 34.23649270534516
Running model on row number 19400 now finished - time in min: 34.36764283974966
Running model on row number 19500 now finished - time in min: 34.38890405495962
Running model on row number 19600 now finished - time in min: 34.52405875523885
Running model on row number 19700 now finished - time in min: 34.54617787996928
Running model on row number 19800 now finished - time in min: 34.56784460544586
Running model on row number 19900 now finished - time in min: 34.69915179014206
Running model on row number 20000 now finished - time in min: 34.7203540245692
Running model on row number 20100 now finished - time in min: 34.864338060220085
Running model on row number 20100 now finished - time in min: 34.86453762451808
Running model on row number 20200 now finished - time in min: 34.88766942421595
Running model on row number 20300 now finished - time in min: 34.90880963007609
Running model on row number 20400 now finished - time in min: 35.03912199735642
Running model on row number 20500 now finished - time in min: 35.061228624979655
Running model on row number 20600 now finished - time in min: 35.19486168622971
Running model on row number 20700 now finished - time in min: 35.21603418191274
Running model on row number 20800 now finished - time in min: 35.33444959322612
Running model on row number 20900 now finished - time in min: 35.35614022811254
Running model on row number 21000 now finished - time in min: 35.37859193086624
Running model on row number 21100 now finished - time in min: 35.51940097014109
Running model on row number 21200 now finished - time in min: 35.541579047838844
Running model on row number 21300 now finished - time in min: 35.66102081537247
Running model on row number 21400 now finished - time in min: 35.681937197844185
Running model on row number 21500 now finished - time in min: 35.70292571783066
Running model on row number 21600 now finished - time in min: 35.81543647448222
Running model on row number 21700 now finished - time in min: 35.83611751000087
Running model on row number 21800 now finished - time in min: 35.96766517559687
Running model on row number 21900 now finished - time in min: 35.99108047087987
Running model on row number 21900 now finished - time in min: 35.99130442539851
Running model on row number 22000 now finished - time in min: 36.013453753789264
Running model on row number 22100 now finished - time in min: 36.13973717689514
Running model on row number 22200 now finished - time in min: 36.16030302047729
Running model on row number 22300 now finished - time in min: 36.28863400220871
Running model on row number 22400 now finished - time in min: 36.31147614320119
Running model on row number 22500 now finished - time in min: 36.3326611995697
Running model on row number 22600 now finished - time in min: 36.4581220626831
Running model on row number 22700 now finished - time in min: 36.479523535569506
Running model on row number 22800 now finished - time in min: 36.6113289753596
Running model on row number 22900 now finished - time in min: 36.633040710290274
Running model on row number 23000 now finished - time in min: 36.75655440489451
Running model on row number 23100 now finished - time in min: 36.779436028003694
Running model on row number 23200 now finished - time in min: 36.8003808816274
Running model on row number 23300 now finished - time in min: 36.93419242302577
Running model on row number 23400 now finished - time in min: 36.95766804615656
Running model on row number 23500 now finished - time in min: 37.09224364757538
Running model on row number 23600 now finished - time in min: 37.11467629671097
Running model on row number 23700 now finished - time in min: 37.137195940812425
Running model on row number 23800 now finished - time in min: 37.27118661403656
Running model on row number 23900 now finished - time in min: 37.292885569731396
Running model on row number 24000 now finished - time in min: 37.41261374950409
Running model on row number 24100 now finished - time in min: 37.4350998322169
Running model on row number 24200 now finished - time in min: 37.455836629867555
Running model on row number 24300 now finished - time in min: 37.57092307806015
Running model on row number 24400 now finished - time in min: 37.590671447912854
Running model on row number 24500 now finished - time in min: 37.71273725032806
Running model on row number 24600 now finished - time in min: 37.73493146101634
Running model on row number 24700 now finished - time in min: 37.75760743220647
Running model on row number 24800 now finished - time in min: 37.89111301501592
Running model on row number 24900 now finished - time in min: 37.911945346991224
Running model on row number 25000 now finished - time in min: 38.03346885442734
Running model on row number 25000 now finished - time in min: 38.03367536465327
Running model on row number 25100 now finished - time in min: 38.053673986593886
Running model on row number 25200 now finished - time in min: 38.165994958082834
Running model on row number 25300 now finished - time in min: 38.18707661628723
Running model on row number 25400 now finished - time in min: 38.207830572128294
Running model on row number 25500 now finished - time in min: 38.34452806313833
Running model on row number 25500 now finished - time in min: 38.344745556513466
Running model on row number 25600 now finished - time in min: 38.36707750161489
Running model on row number 25700 now finished - time in min: 38.51288001139959
Running model on row number 25800 now finished - time in min: 38.53484935363134
Running model on row number 25900 now finished - time in min: 38.55730832417806
Running model on row number 26000 now finished - time in min: 38.77359165747961
Running model on row number 26100 now finished - time in min: 38.80048324664434
Running model on row number 26200 now finished - time in min: 38.994407971700035
Running model on row number 26300 now finished - time in min: 39.02127774556478
Running model on row number 26300 now finished - time in min: 39.02152781089147
Running model on row number 26400 now finished - time in min: 39.17523122231166
Running model on row number 26500 now finished - time in min: 39.19956678152084
Running model on row number 26600 now finished - time in min: 39.22215127944946
Running model on row number 26700 now finished - time in min: 39.42059615850449
Running model on row number 26800 now finished - time in min: 39.44428432385127
Running model on row number 26900 now finished - time in min: 39.60463964144389
Running model on row number 27000 now finished - time in min: 39.627732678254446
Running model on row number 27100 now finished - time in min: 39.81564938227336
Running model on row number 27200 now finished - time in min: 39.83997795184453
Running model on row number 27300 now finished - time in min: 39.86519550482432
Running model on row number 27400 now finished - time in min: 40.05044252872467
Running model on row number 27400 now finished - time in min: 40.05073251724243
Running model on row number 27500 now finished - time in min: 40.07315700451533
Running model on row number 27600 now finished - time in min: 40.28770651419958
Running model on row number 27600 now finished - time in min: 40.28805976311366
Running model on row number 27600 now finished - time in min: 40.28846629063288
Running model on row number 27600 now finished - time in min: 40.28877453009287
Running model on row number 27700 now finished - time in min: 40.31288868586223
Running model on row number 27800 now finished - time in min: 40.49037757714589
Running model on row number 27900 now finished - time in min: 40.51356017986934
Running model on row number 28000 now finished - time in min: 40.68079810937245
Running model on row number 28100 now finished - time in min: 40.70427686770757
Running model on row number 28200 now finished - time in min: 40.726772010326385
Running model on row number 28300 now finished - time in min: 40.88919727802276
Running model on row number 28400 now finished - time in min: 40.91281650066376
Running model on row number 28500 now finished - time in min: 41.09055877923966
Running model on row number 28600 now finished - time in min: 41.11518402894338
Running model on row number 28700 now finished - time in min: 41.28515772819519
Running model on row number 28800 now finished - time in min: 41.308672444025675
Running model on row number 28900 now finished - time in min: 41.33187347253163
Running model on row number 29000 now finished - time in min: 41.482773037751514
Running model on row number 29100 now finished - time in min: 41.50531293551127
Running model on row number 29200 now finished - time in min: 41.653299864133196
Running model on row number 29300 now finished - time in min: 41.67464786370595
Running model on row number 29400 now finished - time in min: 41.69796001513799
Running model on row number 29400 now finished - time in min: 41.698165051142375
Running model on row number 29500 now finished - time in min: 41.886763127644855
Running model on row number 29600 now finished - time in min: 41.91105986038844
Running model on row number 29700 now finished - time in min: 42.07457195917765
Running model on row number 29800 now finished - time in min: 42.0993195494016
Running model on row number 29900 now finished - time in min: 42.21875852743785
Running model on row number 30000 now finished - time in min: 42.243542683124545
Running model on row number 30000 now finished - time in min: 42.24378295739492
total time spent is 42.390349360307056 minutes
