Importing modules
Starting time
Reading in files
Prepare models
Model bert.subjective exists in /home/commando/.danlp/bert.subjective
Model bert.noemotion exists in /home/commando/.danlp/bert.noemotion
Model bert.emotion exists in /home/commando/.danlp/bert.emotion
Model bert.polarity exists in /home/commando/.danlp/bert.polarity
Running model on row number 0 now finished - time in min: 0.5570477883021037
Running model on row number 100 now finished - time in min: 0.61124507188797
Running model on row number 200 now finished - time in min: 1.0418737212816873
Running model on row number 300 now finished - time in min: 1.5342633525530498
Running model on row number 400 now finished - time in min: 1.9431715528170268
Running model on row number 500 now finished - time in min: 2.4025156021118166
Running model on row number 600 now finished - time in min: 2.467041842142741
Running model on row number 700 now finished - time in min: 2.874809483687083
Running model on row number 800 now finished - time in min: 3.3504372398058573
Running model on row number 800 now finished - time in min: 3.3508394598960876
Running model on row number 900 now finished - time in min: 3.756648520628611
Running model on row number 1000 now finished - time in min: 3.821940807501475
Running model on row number 1100 now finished - time in min: 4.29313846429189
Running model on row number 1100 now finished - time in min: 4.293498408794403
Running model on row number 1100 now finished - time in min: 4.293858524163564
Running model on row number 1100 now finished - time in min: 4.294259262084961
Running model on row number 1100 now finished - time in min: 4.294640294710795
Running model on row number 1100 now finished - time in min: 4.295021295547485
Running model on row number 1100 now finished - time in min: 4.295401791731517
Running model on row number 1100 now finished - time in min: 4.295680423577626
Running model on row number 1200 now finished - time in min: 4.708543924490611
Running model on row number 1300 now finished - time in min: 5.142728634675344
Running model on row number 1400 now finished - time in min: 5.191986906528473
Running model on row number 1400 now finished - time in min: 5.192432244618733
Running model on row number 1400 now finished - time in min: 5.192808945973714
Running model on row number 1400 now finished - time in min: 5.1931854605674745
Running model on row number 1400 now finished - time in min: 5.193553439776102
Running model on row number 1400 now finished - time in min: 5.193934269746145
Running model on row number 1400 now finished - time in min: 5.194132781028747
Running model on row number 1500 now finished - time in min: 5.624546706676483
Running model on row number 1600 now finished - time in min: 5.98572883605957
Running model on row number 1700 now finished - time in min: 6.393168807029724
Running model on row number 1800 now finished - time in min: 6.439612833658854
Running model on row number 1900 now finished - time in min: 6.8160204211870825
Running model on row number 2000 now finished - time in min: 7.217300283908844
Running model on row number 2100 now finished - time in min: 7.262748014926911
Running model on row number 2200 now finished - time in min: 7.674008830388387
Running model on row number 2300 now finished - time in min: 8.132994711399078
Running model on row number 2400 now finished - time in min: 8.51903160015742
Running model on row number 2500 now finished - time in min: 8.578410720825195
Running model on row number 2600 now finished - time in min: 8.957393924395243
Running model on row number 2600 now finished - time in min: 8.957768094539642
Running model on row number 2600 now finished - time in min: 8.95817574262619
Running model on row number 2600 now finished - time in min: 8.958395870526632
Running model on row number 2700 now finished - time in min: 9.320607427755991
Running model on row number 2800 now finished - time in min: 9.372084458669027
Running model on row number 2900 now finished - time in min: 9.781035494804382
Running model on row number 2900 now finished - time in min: 9.781360193093617
Running model on row number 2900 now finished - time in min: 9.781738607088725
Running model on row number 2900 now finished - time in min: 9.782071546713512
Running model on row number 2900 now finished - time in min: 9.78244294722875
Running model on row number 2900 now finished - time in min: 9.78263827164968
Running model on row number 3000 now finished - time in min: 10.223253468672434
Running model on row number 3100 now finished - time in min: 10.60132675965627
Running model on row number 3200 now finished - time in min: 10.658241323630016
Running model on row number 3300 now finished - time in min: 11.090122354030608
Running model on row number 3400 now finished - time in min: 11.49870701233546
Running model on row number 3400 now finished - time in min: 11.498913419246673
Running model on row number 3500 now finished - time in min: 11.89943476120631
Running model on row number 3600 now finished - time in min: 11.945365472634633
This sentence is too long:


Sigrid Friis (Radikale Venstre), Freja Fokdal (Radikale Venstre), Camilla Søe (Venstre), Maria Gudme (Socialdemokratiet), Clara Halvorsen (Radikale Venstre), Louise Lindskrog (Socialdemokratiet), Marta Hoffmann (Socialdemokratiet), Aida Ammary (Enhedslisten), Katrine Fugl (tidl. Venstre), Pernille Birch (tidl. Konservative), Malene Hall (Liberal Alliance), Signe Bøgevald (Liberal Alliance), Emma Have (Liberal Alliance), Hira Nadeem (Liberal Alliance), Amalie Jensen (Liberal Alliance), Silke Anna Hein, (Liberal Alliance), Maya Bengaard (Liberal Alliance), Line Brændgaard Christensen (Liberal Alliance), Laura Ventrice (Liberal Alliance), Katrine Monrad (Venstre), Ditte Wedege (Liberal Alliance), Annika Skov (Liberal Alliance), Lene Horsbøl (Venstre), Sarah Gruszow Bærentzen (Radikale Venstre), Katrine Fischer (Liberal Alliance), Ditte Scharling (Liberal Alliance), Sofie Beck (tidl.
 Sigrid Friis (Radikale Venstre), Freja Fokdal (Radikale Venstre), Camilla Søe (Venstre), Maria Gudme (Socialdemokratiet), Clara Halvorsen (Radikale Venstre), Louise Lindskrog (Socialdemokratiet), Marta Hoffmann (Socialdemokratiet), Aida Ammary (Enhedslisten), Katrine Fugl (tidl. Venstre), Pernille Birch (tidl. Konservative), Malene Hall (Liberal Alliance), Signe Bøgevald (Liberal Alliance), Emma Have (Liberal Alliance), Hira Nadeem (Liberal Alliance), Amalie Jensen (Liberal Alliance), Silke Anna Hein, (Liberal Alliance), Maya Bengaard (Liberal Alliance), Line Brændgaard Christensen (Liberal Alliance), Laura Ventrice (Liberal Alliance), Katrine Monrad (Venstre), Ditte Wedege (Liberal Alliance), Annika Skov (Liberal Alliance), Lene Horsbøl (Venstre), Sarah Gruszow Bærentzen (Radikale Venstre), Katrine Fischer (Liberal Alliance), Ditte Scharling (Liberal Alliance), Sofie Beck (tidl. Liberal Alliance), Caroline Valentiner-Branth (Radikale Venstre), Freja Holm Kristensen (Radikale Venstre), Sofie Johanna Kuhn, (Radikale Venstre), Anne Sophie Lyskjær Noer (Venstre), Katrine Kildgaard (Radikale Venstre), Louise Ahle (Venstre), Anna Dose (Venstre), Karen Holmkvist Frese (Venstre), Maria Mejse Mortensen (tidl. Radikale Venstre), Malene Lausten Hartvigsen (Venstre), Clara Frydenberg (Venstre), Anne-Sofie B. Mikkelsen (Radikale Venstre), Mette Oxholm (tidl. Venstre), Kira Marie Peter-Hansen (Socialistisk Folkeparti), Sofie Louise Rønholt Carlø (Socialistisk Folkeparti), Cecilia Zade Iseni (Konservative), Lea Friedberg (Socialdemokratiet), Julie Nymark (Venstre), Emma Marie Kongsbak Bertelsen (Venstre), Sofie Lippert (Socialistisk Folkeparti), Birgitte L. Søe (tidl. medlem af Venstre), Feline Drachmann (Venstre), Clara Sadolin (Venstre), Kristine Milling Oddershede (Venstre), Cille Hald Egholm (Venstre), Olivia Barkou Madsen (tidl. medlem af Venstre), Esther Bæk Farsøe (Socialistisk Folkeparti), Tina-Mia Eriksen (Konservative), Laura Rosenvinge (Socialdemokratiet), Karoline Vind (Socialistisk Folkeparti), Tammy Saenwicha Nielsen (Liberal Alliance), Sofie de Bretteville Olsen (Socialdemokratiet), Sofie Kohsel (Venstre), Else Marie Haurum (Liberal Alliance), Elisabeth Bast Laurents (Liberal Alliance), Nanna Bonde (Socialistisk Folkeparti), Freja Thomsen (Liberal Alliance), Laura Bøgevald (Liberal Alliance), Eva Busch (tidl. medlem af Venstre), Emilie Jäger (Liberal Alliance), Ida Veicherts (Liberal Alliance), Nicoline Gaardsøe (tidl. medlem af Venstre), Frederikke Rosenberg (Liberal Alliance), Annelouise Hvilshøj (Liberal Alliance), Katrine Skov-Hansen (Alternativet), Annika Clemens (tidl. medlem af Venstre), Anna A. Rosendal (tidl. Venstre), Sofie Christensen (Venstre), Astrid Aller (Socialistisk Folkeparti), Natasja Madsen (tidl. medlem af Venstre), Rikke Møller (Venstre), Nanna Grimstrup (Venstre), Juliane Jenvall (Venstre), Victoria Francke (Venstre), Rikke Alexandrine Troelsen (Liberal Alliance), Ditte Fredensborg (Socialdemokratiet), Nana Alrø (Venstre), Emilie Østergaard Knudsen (tidl. Alternativet), Emilie Serina Pil Rasmussen (Venstre), Sara Rønning-Bæk (Venstre), Kathrine Kjær (Radikale Venstre), Venessa Bank (Venstre), Signe Vind Krogh-Jensen (Radikale Venstre), Emma Sjørvad (Socialistisk Folkeparti), Sidsel Hjorth (Konservative), Nafisa Fiidow (tidl. Alternativet, nu Socialistisk Folkeparti), Amalie Lindkær Leth Jensen (Liberal Alliance), Trine Curting (tidl. Venstre), Anna Ockelmann (Socialistisk Folkeparti), Natasha Høyer (Venstre), Amanda Duus (Venstre), Simone Basse (Konservative), Jenny Tram Nguyen (Venstre), Victoria Brohus (Radikale Venstre), Mathilde Heinze (Venstre), Caroline Masello Horsens (Venstre), Anne Sofie Vestergaard Poulsen (Venstre), Nadja Rosing Larsen (Venstre), Ida Marie Larsen Tørnæs (Venstre), Caroline Breinholt (Radikale Venstre), Karina Bergmann (Konservative), Jino Victoria Doabi (Radikale Venstre), Kristin Blach Petersen (Venstre), Rebecca Hovgaard (Venstre), Signe-Mie Riis Jensen (Radikale Venstre), Mette Kildegaard Hansen (Radikale Venstre), Karoline Bjørk Christensen (Venstre), Franciska Dis Brodersen (tidl. Radikale Venstre), Martine Brumsbjerg (Venstre), Trine Juul Jakobsen (Venstre), Petrine Louise Johannesen (Venstre), Isabel Havndrup Aackmann (Radikale Venstre), Helene Marie Andersen (Venstre), Line Klarskov (Venstre), Agathe Engell (Radikale Venstre), Maria Georgi Sloth (Radikale Venstre), Anna Kjær (Socialistisk Folkeparti), Nicoline Højlund Lauritsen (Venstre), Josefine Westen Michaelsen (Venstre), Ida Oehlenschlæger Rasmussen (Radikale Venstre), Maria Lagoni Andersen (Venstre), Laura Marie Sinius Månsson (Socialistisk Folkeparti), Sinem Demir (Enhedslisten), Ellen Kirstine Jensen (Radikale Venstre), Lotte Kofoed (Socialistisk Folkeparti), Mette Isaksen (Socialistisk Folkeparti), Fanny Broholm (Alternativet), Charlotte Lund (Enhedslisten), Lea Nielsen (Radikale Venstre), Jeanette Kusk (Enhedslisten), Anne Hegelund (Enhedslisten), Julie Wessman Eir (Radikale Venstre), Mathilde Mørch (Venstre), Anna Overlund Sørensen (Socialistisk Folkeparti), Astrid Vang Hansen (Enhedslisten), Jenny Maria Jørgensen (Radikale Venstre), Marie Sønderhaven Christophersen (Venstre), Rosalina Svane Christensen (Enhedslisten), Maya Hultmann Sloth (Venstre), Trine Simmel (Enhedslisten),
This sentence is too long:
, Anne Mette Isabel Nielsen (Enhedslisten), Trine Madsen (Socialdemokratiet), Thea Bang (Radikale Venstre), Stine Eiby (Socialdemokratiet), Cecilie Roed Schultz (Enhedslisten), Malou Astrup Clemmensen (Socialdemokratiet), Marianne Thorius Ruskjær (Enhedslisten), Michella Lescher (Socialistisk Folkeparti), Marie Agnete Lønholdt Juhl 8 (Enhedslisten), Nikoline Brockenhuus Rindung (Socialdemokratiet), Charlotte Crockett Jørgensen (Socialdemokratiet), Runa Friis Hansen (Enhedslisten), Elise Sydendal (Socialistisk Folkeparti), Anna Sommer Harrits (Socialdemokratiet), Sarah Lindholm (Radikale Venstre), Lisbeth Torfing (Enhedslisten), Marianne Jasmine Søgaard (Socialdemokratiet), Trine Høffding Ibsen (Socialdemokratiet), Agnes Holst (Enhedslisten), Laura Kofod (Enhedslisten), Pernille Toft (Radikale Venstre), Anahita Malakians (tidl. medlem af Venstre), Nanna Silke Ploug (Socialdemokratiet), Nina Möger Bengtsson (Socialdemokratiet), Caroline Amalie Hertel (Socialdemokratiet), Anna Aaen (Enhedslisten), Bianca Vitting Montenegro (Socialistisk Folkeparti), Stine Mie Stausgaard (Socialdemokratiet), Simone Strandsbjerg (Socialdemokratiet), Ida Mosegaard (Radikale Venstre), Julie Diederichsen Juhler (Socialdemokratiet), Sørine Rasmussen (Enhedslisten), Anne Katrine Dalsgaard (Socialdemokratiet), Christina Celeste Nielsen (Enhedslisten), Sally Morks (Enhedslisten), Robin Jæger (Enhedslisten), Katrine Isabella Lund (Venstre), Maja Vedel Dyrkjær (Socialdemokratiet), Nilly Taheri (Socialdemokratiet), Ditte Helene Rasmussen (Socialistisk Folkeparti), Julie Ruby (Radikale Venstre), Julie Weile (Socialdemokratiet), Ida Skovgaard (Venstre), Cecilie Jensen (tidl. Radikale Venstre), Sofie Kümpel (Socialdemokratiet), Anne Pilgaard (Socialdemokratiet), Camilla Schwalbe (Socialdemokratiet), Aurora Elizabeth Krasniqi (Socialdemokratiet), Emilie Preuss (Venstre), Jeanne Toxværd (Enhedslisten), Frederikke Smed Mikkelsen (Socialdemokratiet), Sofie Revall (Socialdemokratiet), Johanne Kildesgaard (Enhedslisten), Anna Brændemose (Socialistisk Folkeparti), Amanda Irina Larsen (Socialdemokratiet), Elisabeth Liv Bjerregaard Christensen (Socialdemokratiet), Sidsel Stoustrup (Enhedslisten), Christine Rahr Rasmussen (Venstre), Sofie Berg Axelsen (Socialdemokratiet), Sophia Rosa Almstrup (Enhedslisten), Hildur Hagbarth Johnson (Enhedslisten), Frederikke Møllmann (Socialdemokratiet), Cecilie Sværke Priess (Socialdemokratiet), Sørine Blaaberg Neumann (Socialdemokratiet), Signe Kaulberg (Socialdemokratiet), Kirstine Jansdorf (Enhedslisten), Anastasia Kratschmer (Enhedslisten), Marie Hastrup Brisson (Konservative), Emilie Farø (Tidl. Venstre), Emma Skovgaard Jørgensen (Konservative), Emma Munk (Socialdemokratiet), Emma Kimmer Bønnelykke Nielsen (Socialdemokratiet), Lea Bille Sømod (Konservative), Cecilie Nissen Knudsen (Konservative), Anna Sofie Zaar Hastrup (tidl. Socialdemokratiet), Bolette Aagaard (Socialdemokratiet), Kristine Jonassen (Socialdemokratiet), Sarah Nørris (Enhedslisten), Inger-Kirstine Benzon (Socialistisk Folkeparti), Cea Bæk Iversen (Alternativet), Barbara Eysturoy (tidl. Socialdemokratiet), Dianna Christina Pedersen (Konservative), Julie Frølich (Socialdemokratiet), Josefine Paaske (Venstre), Frederikke Werther (Socialdemokratiet), Mette Knoth (Socialdemokratiet), Freja Hvid Kirchert (Enhedslisten), Tilde Hesteng Byrialsen (Socialdemokratiet), Sigrid Bonfils (Konservative), Mathilde Albæk Lauridsen (Socialdemokratiet), Anne Kristine Baldus (Enhedslisten), Frida Karoline Skytt (Socialdemokratiet), Feodora Wester (Socialdemokratiet), Mathilde Vinther (Enhedslisten), Charlotte Welzel Andersen (Konservative), Astrid (Socialdemokratiet), (Socialdemokratiet), Sara Sørensen (Radikale Venstre), Asta Christensen Otto (Socialistisk Folkeparti), Anna Haugsted Dehn (tidl. Radikale Venstre), Astrid Bisgaard Schmidt (Socialdemokratiet), Maria Pryds Frederiksen (Konservative), Maria Eichhorn (Alternativet), Terese Rønne (tidligere S), Dagmar Gorica Petersen (Radikale Venstre), Cæcilie Andersen (Enhedslisten), Emilie Kirstine Thorgaard Henriksen (Radikale Venstre), Julie Christensen (Konservative), Laura Pedersen (Socialdemokratiet), Line Bak (Konservative), Camilla Dreyer (Konservative), Sisse Marie Welling (Socialistisk Folkeparti), Maja Lorentzen (Venstre), Trine Chilie Thode (Socialistisk Folkeparti), Karin Dinsen (Socialdemokratiet), Charlotte Amalie Frejlev (Konservative), Vibeke Lincke Madsen (Socialdemokratiet), Simone Tofte Jensen (Socialdemokratiet), Marianne Bigum (Socialistisk Folkeparti), Amalie Lund Jensen (Socialistisk Folkeparti), Emma Kimmer Bønnelykke Nielsen (Socialdemokratiet), Camilla Victoria Moll Niemann (Venstre), Rikke From (tidl. Socialdemokratiet), Mette Annelie Rasmussen (Radikale Venstre), Cecilia Lonning-Skovgaard (Venstre), Kristine Kryger (Radikale Venstre), Helene Fagerhøj (Konservative), Ida Heise (Radikale Venstre), Caroline Marie Gehlert Hansen (Radikale Venstre), Line Amrita Andersen (Konservative), Melina Kathrine Andersen (Socialistisk Folkeparti), Line Petersen (Socialistisk Folkeparti), Anja Katrine Søndergaard (Socialistisk Folkeparti), Pernille Knudsen (Enhedslisten),.
Running model on row number 3700 now finished - time in min: 12.284970037142436
Running model on row number 3800 now finished - time in min: 12.475691898663838
Running model on row number 3800 now finished - time in min: 12.47597024043401
Running model on row number 3800 now finished - time in min: 12.476178912321727
Running model on row number 3900 now finished - time in min: 12.50446321964264
Running model on row number 3900 now finished - time in min: 12.504790337880452
Running model on row number 4000 now finished - time in min: 12.528477120399476
Running model on row number 4100 now finished - time in min: 12.696570376555124
Running model on row number 4200 now finished - time in min: 12.720789488156637
Running model on row number 4300 now finished - time in min: 12.900411371390025
Running model on row number 4300 now finished - time in min: 12.90062788327535
Running model on row number 4400 now finished - time in min: 12.926856748263042
Running model on row number 4500 now finished - time in min: 13.22240804831187
Running model on row number 4600 now finished - time in min: 13.246616991360982
Running model on row number 4700 now finished - time in min: 13.404342770576477
Running model on row number 4800 now finished - time in min: 13.427737470467886
Running model on row number 4900 now finished - time in min: 13.451698211828868
Running model on row number 4900 now finished - time in min: 13.451911481221517
Running model on row number 5000 now finished - time in min: 13.615973540147145
Running model on row number 5100 now finished - time in min: 13.640354291598003
Running model on row number 5200 now finished - time in min: 13.79319696823756
Running model on row number 5300 now finished - time in min: 13.818075060844421
Running model on row number 5400 now finished - time in min: 13.964283692836762
Running model on row number 5400 now finished - time in min: 13.96452956199646
Running model on row number 5500 now finished - time in min: 13.989356660842896
Running model on row number 5600 now finished - time in min: 14.013575088977813
Running model on row number 5700 now finished - time in min: 14.202648997306824
Running model on row number 5800 now finished - time in min: 14.225439715385438
Running model on row number 5800 now finished - time in min: 14.22565823396047
Running model on row number 5900 now finished - time in min: 14.384749543666839
Running model on row number 6000 now finished - time in min: 14.409146944681803
Running model on row number 6100 now finished - time in min: 14.559781746069591
Running model on row number 6200 now finished - time in min: 14.583347888787587
Running model on row number 6300 now finished - time in min: 14.60715141693751
Running model on row number 6400 now finished - time in min: 14.787085171540578
Running model on row number 6500 now finished - time in min: 14.813146011034648
Running model on row number 6500 now finished - time in min: 14.813465122381846
Running model on row number 6600 now finished - time in min: 14.970215447743733
Running model on row number 6700 now finished - time in min: 14.993923445542654
Running model on row number 6800 now finished - time in min: 15.21996729373932
Running model on row number 6900 now finished - time in min: 15.242824470996856
Running model on row number 7000 now finished - time in min: 15.588185568650564
Running model on row number 7100 now finished - time in min: 15.646298539638519
Running model on row number 7200 now finished - time in min: 16.10389223496119
Running model on row number 7300 now finished - time in min: 16.498281772931417
Running model on row number 7300 now finished - time in min: 16.4987011273702
Running model on row number 7300 now finished - time in min: 16.49908194144567
Running model on row number 7300 now finished - time in min: 16.49942175547282
Running model on row number 7300 now finished - time in min: 16.499801433086397
Running model on row number 7300 now finished - time in min: 16.500172881285348
Running model on row number 7400 now finished - time in min: 16.942035210132598
Running model on row number 7500 now finished - time in min: 17.312344324588775
Running model on row number 7600 now finished - time in min: 17.365808645884197
Running model on row number 7600 now finished - time in min: 17.36616196235021
Running model on row number 7600 now finished - time in min: 17.3665242711703
Running model on row number 7600 now finished - time in min: 17.366912225882214
Running model on row number 7600 now finished - time in min: 17.367281210422515
Running model on row number 7600 now finished - time in min: 17.367567280928295
Running model on row number 7700 now finished - time in min: 17.793718012173972
Running model on row number 7800 now finished - time in min: 18.16279094219208
Running model on row number 7900 now finished - time in min: 18.592038997014363
Running model on row number 8000 now finished - time in min: 18.64702951113383
Running model on row number 8100 now finished - time in min: 18.969954804579416
Running model on row number 8200 now finished - time in min: 19.397823556264242
Running model on row number 8300 now finished - time in min: 19.76382831335068
Running model on row number 8400 now finished - time in min: 19.805825030803682
Running model on row number 8500 now finished - time in min: 20.185472051302593
Running model on row number 8500 now finished - time in min: 20.185886120796205
Running model on row number 8500 now finished - time in min: 20.186298227310182
Running model on row number 8500 now finished - time in min: 20.18666137456894
Running model on row number 8500 now finished - time in min: 20.18702172835668
Running model on row number 8500 now finished - time in min: 20.18737494548162
Running model on row number 8500 now finished - time in min: 20.18773694038391
Running model on row number 8500 now finished - time in min: 20.188090924421946
Running model on row number 8500 now finished - time in min: 20.188414883613586
Running model on row number 8500 now finished - time in min: 20.18881097237269
Running model on row number 8500 now finished - time in min: 20.189024452368418
Running model on row number 8600 now finished - time in min: 20.574467714627584
Running model on row number 8700 now finished - time in min: 20.62723675171534
Running model on row number 8800 now finished - time in min: 20.908459115028382
Running model on row number 8900 now finished - time in min: 21.216536009311675
Running model on row number 9000 now finished - time in min: 21.253946940104168
Running model on row number 9100 now finished - time in min: 21.567752627531686
Running model on row number 9200 now finished - time in min: 21.608872671922047
Running model on row number 9300 now finished - time in min: 21.90452680985133
Running model on row number 9400 now finished - time in min: 22.229008718331656
Running model on row number 9500 now finished - time in min: 22.266528042157493
Running model on row number 9600 now finished - time in min: 22.560476990540824
Running model on row number 9700 now finished - time in min: 22.601962570349375
Running model on row number 9800 now finished - time in min: 22.894143001238504
Running model on row number 9900 now finished - time in min: 22.925992425282796
Running model on row number 9900 now finished - time in min: 22.926325877507526
Running model on row number 9900 now finished - time in min: 22.92672446568807
Running model on row number 9900 now finished - time in min: 22.927099287509918
Running model on row number 9900 now finished - time in min: 22.927407189210257
Running model on row number 9900 now finished - time in min: 22.927718098958334
Running model on row number 10000 now finished - time in min: 23.026250163714092
Running model on row number 10100 now finished - time in min: 23.046136585871377
Running model on row number 10200 now finished - time in min: 23.14560212691625
Running model on row number 10300 now finished - time in min: 23.166069757938384
Running model on row number 10400 now finished - time in min: 23.186435584227244
Running model on row number 10500 now finished - time in min: 23.28302917480469
Running model on row number 10600 now finished - time in min: 23.302923544247946
Running model on row number 10700 now finished - time in min: 23.39689572652181
Running model on row number 10800 now finished - time in min: 23.4163601676623
Running model on row number 10900 now finished - time in min: 23.435486404101052
Running model on row number 11000 now finished - time in min: 23.53163014650345
Running model on row number 11100 now finished - time in min: 23.552227091789245
Running model on row number 11200 now finished - time in min: 23.647722864151
Running model on row number 11300 now finished - time in min: 23.666809888680778
Running model on row number 11400 now finished - time in min: 23.68588253657023
Running model on row number 11500 now finished - time in min: 23.77302012840907
Running model on row number 11600 now finished - time in min: 23.792900983492533
Running model on row number 11700 now finished - time in min: 23.889248808224995
Running model on row number 11800 now finished - time in min: 23.91162675221761
Running model on row number 11900 now finished - time in min: 23.932079712549847
Running model on row number 12000 now finished - time in min: 24.021399541695914
Running model on row number 12100 now finished - time in min: 24.040306313832602
Running model on row number 12200 now finished - time in min: 24.05936267375946
Running model on row number 12300 now finished - time in min: 24.15006268421809
Running model on row number 12400 now finished - time in min: 24.170554439226787
Running model on row number 12500 now finished - time in min: 24.26194597085317
Running model on row number 12600 now finished - time in min: 24.28181760708491
Running model on row number 12700 now finished - time in min: 24.301566338539125
Running model on row number 12800 now finished - time in min: 24.38596625725428
Running model on row number 12900 now finished - time in min: 24.4057355761528
Running model on row number 13000 now finished - time in min: 24.500048053264617
Running model on row number 13100 now finished - time in min: 24.51935534477234
Running model on row number 13200 now finished - time in min: 24.538426621754965
Running model on row number 13300 now finished - time in min: 24.622496088345844
Running model on row number 13400 now finished - time in min: 24.64309770266215
Running model on row number 13500 now finished - time in min: 24.73745671908061
Running model on row number 13600 now finished - time in min: 24.757727853457133
Running model on row number 13700 now finished - time in min: 24.77725795507431
Running model on row number 13800 now finished - time in min: 24.86860335667928
Running model on row number 13900 now finished - time in min: 24.889883001645405
Running model on row number 14000 now finished - time in min: 24.982129339377085
Running model on row number 14100 now finished - time in min: 25.001890122890472
Running model on row number 14200 now finished - time in min: 25.02105704545975
Running model on row number 14300 now finished - time in min: 25.11140640179316
Running model on row number 14400 now finished - time in min: 25.130532908439637
Running model on row number 14500 now finished - time in min: 25.149774491786957
Running model on row number 14600 now finished - time in min: 25.23939309914907
Running model on row number 14700 now finished - time in min: 25.259416782855986
Running model on row number 14800 now finished - time in min: 25.357412656148274
Running model on row number 14900 now finished - time in min: 25.376713486512504
Running model on row number 15000 now finished - time in min: 25.39537218809128
Running model on row number 15100 now finished - time in min: 25.773045261700947
Running model on row number 15200 now finished - time in min: 26.15234167575836
Running model on row number 15300 now finished - time in min: 26.203881613413493
Running model on row number 15400 now finished - time in min: 26.63579508860906
Running model on row number 15500 now finished - time in min: 27.0251495997111
Running model on row number 15600 now finished - time in min: 27.077563627560934
Running model on row number 15700 now finished - time in min: 27.504723266760507
Running model on row number 15800 now finished - time in min: 27.933199473222096
Running model on row number 15900 now finished - time in min: 28.298928658167522
Running model on row number 15900 now finished - time in min: 28.299249696731568
Running model on row number 15900 now finished - time in min: 28.29968260526657
Running model on row number 15900 now finished - time in min: 28.29990723133087
Running model on row number 16000 now finished - time in min: 28.344393161932626
Running model on row number 16100 now finished - time in min: 28.703646890322368
Running model on row number 16200 now finished - time in min: 29.00835188627243
Running model on row number 16300 now finished - time in min: 29.05112690925598
Running model on row number 16400 now finished - time in min: 29.408320371309916
Running model on row number 16400 now finished - time in min: 29.408580672740936
Running model on row number 16500 now finished - time in min: 29.450374925136565
Running model on row number 16600 now finished - time in min: 29.807620108127594
Running model on row number 16700 now finished - time in min: 29.850300443172454
Running model on row number 16800 now finished - time in min: 30.163632102807362
Running model on row number 16900 now finished - time in min: 30.528323741753898
Running model on row number 17000 now finished - time in min: 30.569091534614564
Running model on row number 17100 now finished - time in min: 30.912779557704926
Running model on row number 17200 now finished - time in min: 30.95371775229772
Running model on row number 17300 now finished - time in min: 31.28724069595337
Running model on row number 17400 now finished - time in min: 31.615159356594084
Running model on row number 17500 now finished - time in min: 31.654859709739686
Running model on row number 17600 now finished - time in min: 32.039972857634226
Running model on row number 17600 now finished - time in min: 32.0403994679451
Running model on row number 17600 now finished - time in min: 32.04083890914917
Running model on row number 17600 now finished - time in min: 32.04122047821681
Running model on row number 17600 now finished - time in min: 32.041635715961455
Running model on row number 17600 now finished - time in min: 32.04182882706324
Running model on row number 17700 now finished - time in min: 32.37424289782842
Running model on row number 17800 now finished - time in min: 32.41902292966843
Running model on row number 17900 now finished - time in min: 32.787320880095166
Running model on row number 18000 now finished - time in min: 32.83116524616877
Running model on row number 18100 now finished - time in min: 33.1970574259758
Running model on row number 18200 now finished - time in min: 33.42474602460861
Running model on row number 18300 now finished - time in min: 33.45453720092773
Running model on row number 18400 now finished - time in min: 33.59211435317993
Running model on row number 18500 now finished - time in min: 33.61575214068095
Running model on row number 18600 now finished - time in min: 33.63776150544484
Running model on row number 18700 now finished - time in min: 33.78168137073517
Running model on row number 18800 now finished - time in min: 33.804576416810356
Running model on row number 18900 now finished - time in min: 33.94000083208084
Running model on row number 19000 now finished - time in min: 33.96354730923971
Running model on row number 19100 now finished - time in min: 34.09865816434225
Running model on row number 19100 now finished - time in min: 34.09888194799423
Running model on row number 19200 now finished - time in min: 34.11948908964793
Running model on row number 19300 now finished - time in min: 34.142733875910444
Running model on row number 19300 now finished - time in min: 34.14293669859568
Running model on row number 19400 now finished - time in min: 34.27780709664027
Running model on row number 19500 now finished - time in min: 34.2992789944013
Running model on row number 19600 now finished - time in min: 34.428056899706526
Running model on row number 19700 now finished - time in min: 34.45088773171107
Running model on row number 19800 now finished - time in min: 34.47335705757141
Running model on row number 19900 now finished - time in min: 34.601790034770964
Running model on row number 20000 now finished - time in min: 34.62383887370427
Running model on row number 20100 now finished - time in min: 34.766867864131925
Running model on row number 20100 now finished - time in min: 34.76707654794057
Running model on row number 20200 now finished - time in min: 34.789949015776315
Running model on row number 20300 now finished - time in min: 34.810867846012115
Running model on row number 20400 now finished - time in min: 34.937720561027525
Running model on row number 20500 now finished - time in min: 34.95963081518809
Running model on row number 20600 now finished - time in min: 35.09153149922689
Running model on row number 20700 now finished - time in min: 35.11285103559494
Running model on row number 20800 now finished - time in min: 35.233845253785454
Running model on row number 20900 now finished - time in min: 35.25462369918823
Running model on row number 21000 now finished - time in min: 35.276465793450676
Running model on row number 21100 now finished - time in min: 35.41260459025701
Running model on row number 21200 now finished - time in min: 35.436964225769046
Running model on row number 21300 now finished - time in min: 35.55684036413829
Running model on row number 21400 now finished - time in min: 35.578906957308455
Running model on row number 21500 now finished - time in min: 35.59968401193619
Running model on row number 21600 now finished - time in min: 35.71182683706284
Running model on row number 21700 now finished - time in min: 35.732081000010176
Running model on row number 21800 now finished - time in min: 35.86030877431234
Running model on row number 21900 now finished - time in min: 35.88290945688883
Running model on row number 21900 now finished - time in min: 35.883124860127765
Running model on row number 22000 now finished - time in min: 35.90444722175598
Running model on row number 22100 now finished - time in min: 36.02576023340225
Running model on row number 22200 now finished - time in min: 36.04736003478368
Running model on row number 22300 now finished - time in min: 36.17695581118266
Running model on row number 22400 now finished - time in min: 36.20132780075073
Running model on row number 22500 now finished - time in min: 36.223724349339804
Running model on row number 22600 now finished - time in min: 36.349029358228044
Running model on row number 22700 now finished - time in min: 36.37040877739589
Running model on row number 22800 now finished - time in min: 36.5043155392011
Running model on row number 22900 now finished - time in min: 36.52666733662287
Running model on row number 23000 now finished - time in min: 36.646957743167874
Running model on row number 23100 now finished - time in min: 36.66841897964478
Running model on row number 23200 now finished - time in min: 36.68868091106415
Running model on row number 23300 now finished - time in min: 36.818189986546834
Running model on row number 23400 now finished - time in min: 36.84210756222407
Running model on row number 23500 now finished - time in min: 36.975131420294446
Running model on row number 23600 now finished - time in min: 36.99765117168427
Running model on row number 23700 now finished - time in min: 37.019413638114926
Running model on row number 23800 now finished - time in min: 37.14902930657069
Running model on row number 23900 now finished - time in min: 37.170631635189054
Running model on row number 24000 now finished - time in min: 37.28760369221369
Running model on row number 24100 now finished - time in min: 37.308602726459505
Running model on row number 24200 now finished - time in min: 37.32833072741826
Running model on row number 24300 now finished - time in min: 37.442797104517616
Running model on row number 24400 now finished - time in min: 37.46202443838119
Running model on row number 24500 now finished - time in min: 37.58786644140879
Running model on row number 24600 now finished - time in min: 37.60846784909566
Running model on row number 24700 now finished - time in min: 37.62985152800878
Running model on row number 24800 now finished - time in min: 37.75889472166697
Running model on row number 24900 now finished - time in min: 37.780072299639386
Running model on row number 25000 now finished - time in min: 37.90627734661102
Running model on row number 25000 now finished - time in min: 37.90648690064748
Running model on row number 25100 now finished - time in min: 37.92706445455551
Running model on row number 25200 now finished - time in min: 38.03611149390539
Running model on row number 25300 now finished - time in min: 38.05668902397156
Running model on row number 25400 now finished - time in min: 38.07683991193771
Running model on row number 25500 now finished - time in min: 38.20314927895864
Running model on row number 25500 now finished - time in min: 38.203346880276996
Running model on row number 25600 now finished - time in min: 38.22422693967819
Running model on row number 25700 now finished - time in min: 38.36454386313756
Running model on row number 25800 now finished - time in min: 38.38496648073196
Running model on row number 25900 now finished - time in min: 38.406929822762805
Running model on row number 26000 now finished - time in min: 38.61725501616796
Running model on row number 26100 now finished - time in min: 38.64655896425247
Running model on row number 26200 now finished - time in min: 38.840542423725125
Running model on row number 26300 now finished - time in min: 38.86555502017339
Running model on row number 26300 now finished - time in min: 38.86578678687413
Running model on row number 26400 now finished - time in min: 39.011317197481794
Running model on row number 26500 now finished - time in min: 39.03504451115926
Running model on row number 26600 now finished - time in min: 39.05765808025996
Running model on row number 26700 now finished - time in min: 39.2546110590299
Running model on row number 26800 now finished - time in min: 39.27883851925532
Running model on row number 26900 now finished - time in min: 39.44506305058797
Running model on row number 27000 now finished - time in min: 39.46908387343089
Running model on row number 27100 now finished - time in min: 39.66462902228037
Running model on row number 27200 now finished - time in min: 39.68936217228572
Running model on row number 27300 now finished - time in min: 39.715037254492444
Running model on row number 27400 now finished - time in min: 39.90182447830836
Running model on row number 27400 now finished - time in min: 39.90210796991984
Running model on row number 27500 now finished - time in min: 39.924265531698865
Running model on row number 27600 now finished - time in min: 40.128864395618436
Running model on row number 27600 now finished - time in min: 40.129203244050345
Running model on row number 27600 now finished - time in min: 40.12959353923797
Running model on row number 27600 now finished - time in min: 40.129888542493184
Running model on row number 27700 now finished - time in min: 40.15428760846456
Running model on row number 27800 now finished - time in min: 40.333181556065874
Running model on row number 27900 now finished - time in min: 40.3563031077385
Running model on row number 28000 now finished - time in min: 40.522688182195026
Running model on row number 28100 now finished - time in min: 40.54530290762583
Running model on row number 28200 now finished - time in min: 40.568107680479685
Running model on row number 28300 now finished - time in min: 40.728222994009656
Running model on row number 28400 now finished - time in min: 40.751573570569356
Running model on row number 28500 now finished - time in min: 40.92857648531596
Running model on row number 28600 now finished - time in min: 40.95346415042877
Running model on row number 28700 now finished - time in min: 41.129927440484366
Running model on row number 28800 now finished - time in min: 41.15545270045598
Running model on row number 28900 now finished - time in min: 41.180221104621886
Running model on row number 29000 now finished - time in min: 41.33305862347285
Running model on row number 29100 now finished - time in min: 41.35797697703044
Running model on row number 29200 now finished - time in min: 41.5124725262324
Running model on row number 29300 now finished - time in min: 41.535289732615155
Running model on row number 29400 now finished - time in min: 41.559238000710806
Running model on row number 29400 now finished - time in min: 41.559453177452085
Running model on row number 29500 now finished - time in min: 41.75104132493337
Running model on row number 29600 now finished - time in min: 41.77624361117681
Running model on row number 29700 now finished - time in min: 41.93742348353068
Running model on row number 29800 now finished - time in min: 41.96023505926132
Running model on row number 29900 now finished - time in min: 42.07669595082601
Running model on row number 30000 now finished - time in min: 42.10108066002528
Running model on row number 30000 now finished - time in min: 42.10131619771322
total time spent is 42.2483941634496 minutes
