Importing modules
Starting time
Reading in files
Prepare models
Model bert.subjective exists in /home/commando/.danlp/bert.subjective
Running model on row number 0 now finished - time in min: 0.3499583125114441
Running model on row number 100 now finished - time in min: 0.3999971071879069
Running model on row number 200 now finished - time in min: 0.61347629626592
Running model on row number 300 now finished - time in min: 0.8851099411646525
Running model on row number 400 now finished - time in min: 1.08968266248703
Running model on row number 500 now finished - time in min: 1.351395591100057
Running model on row number 600 now finished - time in min: 1.409087359905243
Running model on row number 700 now finished - time in min: 1.6096622387568156
Running model on row number 800 now finished - time in min: 1.8624200701713562
Running model on row number 800 now finished - time in min: 1.8627890706062318
Running model on row number 900 now finished - time in min: 2.060861659049988
Running model on row number 1000 now finished - time in min: 2.1198913494745892
Running model on row number 1100 now finished - time in min: 2.3840165694554645
Running model on row number 1100 now finished - time in min: 2.384346799055735
Running model on row number 1100 now finished - time in min: 2.3846784035364785
Running model on row number 1100 now finished - time in min: 2.3850515762964886
Running model on row number 1100 now finished - time in min: 2.3854248682657877
Running model on row number 1100 now finished - time in min: 2.38577778339386
Running model on row number 1100 now finished - time in min: 2.386128024260203
Running model on row number 1100 now finished - time in min: 2.386375625928243
Running model on row number 1200 now finished - time in min: 2.584827999273936
Running model on row number 1300 now finished - time in min: 2.8141857465108235
Running model on row number 1400 now finished - time in min: 2.860716760158539
Running model on row number 1400 now finished - time in min: 2.8611285368601482
Running model on row number 1400 now finished - time in min: 2.861491847038269
Running model on row number 1400 now finished - time in min: 2.8618513464927675
Running model on row number 1400 now finished - time in min: 2.862204742431641
Running model on row number 1400 now finished - time in min: 2.8625721096992494
Running model on row number 1400 now finished - time in min: 2.862744232018789
Running model on row number 1500 now finished - time in min: 3.0919840892155963
Running model on row number 1600 now finished - time in min: 3.267602523167928
Running model on row number 1700 now finished - time in min: 3.4947452942530313
Running model on row number 1800 now finished - time in min: 3.5380807439486186
Running model on row number 1900 now finished - time in min: 3.7167601386706033
Running model on row number 2000 now finished - time in min: 3.9473357717196147
Running model on row number 2100 now finished - time in min: 3.988126111030579
Running model on row number 2200 now finished - time in min: 4.183099655310313
Running model on row number 2300 now finished - time in min: 4.4409585952758786
Running model on row number 2400 now finished - time in min: 4.622043232123057
Running model on row number 2500 now finished - time in min: 4.677768937746683
Running model on row number 2600 now finished - time in min: 4.885195994377137
Running model on row number 2600 now finished - time in min: 4.885568690299988
Running model on row number 2600 now finished - time in min: 4.885962482293447
Running model on row number 2600 now finished - time in min: 4.886165221532186
Running model on row number 2700 now finished - time in min: 5.058194406827291
Running model on row number 2800 now finished - time in min: 5.107255287965139
Running model on row number 2900 now finished - time in min: 5.335545750459035
Running model on row number 2900 now finished - time in min: 5.335860339800517
Running model on row number 2900 now finished - time in min: 5.336235471566519
Running model on row number 2900 now finished - time in min: 5.336559331417083
Running model on row number 2900 now finished - time in min: 5.336924568812052
Running model on row number 2900 now finished - time in min: 5.3370996157328285
Running model on row number 3000 now finished - time in min: 5.577498849232992
Running model on row number 3100 now finished - time in min: 5.758452157179515
Running model on row number 3200 now finished - time in min: 5.8142042795817055
Running model on row number 3300 now finished - time in min: 6.050337700049083
Running model on row number 3400 now finished - time in min: 6.238152519861857
Running model on row number 3400 now finished - time in min: 6.238335851828257
Running model on row number 3500 now finished - time in min: 6.463872834046682
Running model on row number 3600 now finished - time in min: 6.505461521943411
This sentence is too long:
['Forsidehenvisning: 322 kvinder i dansk politik i opråb mod sexisme og overgreb\n322 kvinder, som er eller har været politisk aktive i otte partier, har skrevet under på et debatindlæg, hvor de beretter om et stort omfang af sexisme og fysiske krænkelser til politiske møder, på Christiansborg og i sociale sammenhænge i partierne.', 'Kvinderne kræver handling.', 'Politiken bringer i dag deres debatindlæg, navnene på underskriverne - og beretninger, som 79 af kvinderne deler anonymt.', 'Politiken kender deres identitet.', 'Fire af beretningerne kan læses her.']
This sentence is too long:
['Forsidehenvisning: 322 kvinder i dansk politik i opråb mod sexisme og overgreb\n322 kvinder, som er eller har været politisk aktive i otte partier, har skrevet under på et debatindlæg, hvor de beretter om et stort omfang af sexisme og fysiske krænkelser til politiske møder, på Christiansborg og i sociale sammenhænge i partierne.', 'Kvinderne kræver handling.', 'Politiken bringer i dag deres debatindlæg, navnene på underskriverne - og beretninger, som 79 af kvinderne deler anonymt.', 'Politiken kender deres identitet.', 'Fire af beretningerne kan læses her.', 'Elsebeth Frederiksen (Enhedslisten), Thea Lyngklip Kjeldgaard (Enhedslisten), Carina Høedt (Konservative)', ', Katrine Larsen (Venstre)', ', Terese Weng (Radikale Venstre), Ninna Hedeager Olsen (Enhedslisten)', ', Marianne Rohde (Enhedslisten), Clara Overgård Christensen (Venstre)', ', Nina Ericsson (Enhedslisten), Maria Sofie Petersen (Enhedslisten), Lone Degn (Enhedslisten), Lea Fadakar (Enhedslisten), Ina Degn Woods (Enhedslisten), Emma Marie Poorthuis (Socialdemokratiet), Maria Helene Riber (Socialdemokratiet), Stinna Gammelgaard (Enhedslisten), Rosa Sulaiman (Socialdemokratiet), Kathrine Øster (Venstre), Hanna-Louise Schou Nielsen (Enhedslisten), Kristina Gammelgaard-Larsen (Enhedslisten), Ronja Rose Ravnskov (Socialistisk Folkeparti), Anne Skau Styrishave (Radikale Venstre)', ', Ditte-Marie Thejsen (Enhedslisten), Caroline Holdflod Nørgaard (Socialdemokratiet), Alma Clement Kristensen (Socialdemokratiet), Signe D. Jørgensen (Enhedslisten), Sonja Marie Jensen (Socialdemokratiet), Bodil Garde (Enhedslisten), Mette Bjerre (Socialistisk Folkeparti), Marie Birgitte Lassen (Enhedslisten)', ', Tina Vejby (Enhedslisten), Signe Havskjær (Socialdemokratiet), Maria Temponeras (Enhedslisten), Rose Sloth Hansen (Socialdemokratiet), Maria Liv Kjærgaard (Socialdemokratiet), Anneline Larsen (Socialdemokratiet), Mimoza Murati (Enhedslisten), Line Mastrup (Socialdemokratiet), Signe Lund Jensen (Enhedslisten)', ', Ronja Toxværd (Enhedslisten), Marianne Rosenkvist (Enhedslisten)']
Running model on row number 3700 now finished - time in min: 6.67194348971049
Running model on row number 3800 now finished - time in min: 6.780157828330994
Running model on row number 3800 now finished - time in min: 6.780403319994608
Running model on row number 3800 now finished - time in min: 6.780583453178406
Running model on row number 3900 now finished - time in min: 6.804154471556346
Running model on row number 3900 now finished - time in min: 6.804445203145345
Running model on row number 4000 now finished - time in min: 6.824319398403167
Running model on row number 4100 now finished - time in min: 6.911955026785533
Running model on row number 4200 now finished - time in min: 6.934279318650564
Running model on row number 4300 now finished - time in min: 7.024829490979513
Running model on row number 4300 now finished - time in min: 7.025022105375926
Running model on row number 4400 now finished - time in min: 7.047624309857686
Running model on row number 4500 now finished - time in min: 7.164416484038035
Running model on row number 4600 now finished - time in min: 7.186724869410197
Running model on row number 4700 now finished - time in min: 7.271066943804423
Running model on row number 4800 now finished - time in min: 7.291213341554006
Running model on row number 4900 now finished - time in min: 7.312780090173086
Running model on row number 4900 now finished - time in min: 7.312974357604981
Running model on row number 5000 now finished - time in min: 7.4009758273760475
Running model on row number 5100 now finished - time in min: 7.422347863515218
Running model on row number 5200 now finished - time in min: 7.502817265192667
Running model on row number 5300 now finished - time in min: 7.524621899922689
Running model on row number 5400 now finished - time in min: 7.593326914310455
Running model on row number 5400 now finished - time in min: 7.593537465731303
Running model on row number 5500 now finished - time in min: 7.615109046300252
Running model on row number 5600 now finished - time in min: 7.635793058077494
Running model on row number 5700 now finished - time in min: 7.727787240346273
Running model on row number 5800 now finished - time in min: 7.749181886514028
Running model on row number 5800 now finished - time in min: 7.749389962355296
Running model on row number 5900 now finished - time in min: 7.828729748725891
Running model on row number 6000 now finished - time in min: 7.8496081829071045
Running model on row number 6100 now finished - time in min: 7.927665873368581
Running model on row number 6200 now finished - time in min: 7.947731180985769
Running model on row number 6300 now finished - time in min: 7.9698246399561565
Running model on row number 6400 now finished - time in min: 8.059750564893086
Running model on row number 6500 now finished - time in min: 8.08394004503886
Running model on row number 6500 now finished - time in min: 8.084245510896046
Running model on row number 6600 now finished - time in min: 8.15932590564092
Running model on row number 6700 now finished - time in min: 8.179110483328502
Running model on row number 6800 now finished - time in min: 8.309004402160644
Running model on row number 6900 now finished - time in min: 8.330370597044627
Running model on row number 7000 now finished - time in min: 8.49201541741689
Running model on row number 7100 now finished - time in min: 8.544347429275513
Running model on row number 7200 now finished - time in min: 8.792624012629192
Running model on row number 7300 now finished - time in min: 8.98831810951233
Running model on row number 7300 now finished - time in min: 8.988765958944956
Running model on row number 7300 now finished - time in min: 8.989192803700766
Running model on row number 7300 now finished - time in min: 8.989562439918519
Running model on row number 7300 now finished - time in min: 8.989961127440134
Running model on row number 7300 now finished - time in min: 8.990382115046183
Running model on row number 7400 now finished - time in min: 9.242912975947062
Running model on row number 7500 now finished - time in min: 9.424656327565511
Running model on row number 7600 now finished - time in min: 9.475157471497853
Running model on row number 7600 now finished - time in min: 9.475496240456899
Running model on row number 7600 now finished - time in min: 9.475842042764027
Running model on row number 7600 now finished - time in min: 9.476204816500346
Running model on row number 7600 now finished - time in min: 9.47655215660731
Running model on row number 7600 now finished - time in min: 9.47682490348816
Running model on row number 7700 now finished - time in min: 9.714473609129588
Running model on row number 7800 now finished - time in min: 9.894639539718629
Running model on row number 7900 now finished - time in min: 10.129997328917186
Running model on row number 8000 now finished - time in min: 10.182074209054312
Running model on row number 8100 now finished - time in min: 10.335059960683187
Running model on row number 8200 now finished - time in min: 10.563365324338276
Running model on row number 8300 now finished - time in min: 10.769928205013276
Running model on row number 8400 now finished - time in min: 10.809583409627278
Running model on row number 8500 now finished - time in min: 10.992285358905793
Running model on row number 8500 now finished - time in min: 10.9926505168279
Running model on row number 8500 now finished - time in min: 10.993056948979696
Running model on row number 8500 now finished - time in min: 10.993408874670665
Running model on row number 8500 now finished - time in min: 10.993756790955862
Running model on row number 8500 now finished - time in min: 10.994099485874177
Running model on row number 8500 now finished - time in min: 10.99441933631897
Running model on row number 8500 now finished - time in min: 10.994760465621948
Running model on row number 8500 now finished - time in min: 10.995069766044617
Running model on row number 8500 now finished - time in min: 10.995452904701233
Running model on row number 8500 now finished - time in min: 10.995641521612804
Running model on row number 8600 now finished - time in min: 11.200029377142588
Running model on row number 8700 now finished - time in min: 11.251233577728271
Running model on row number 8800 now finished - time in min: 11.393055220444998
Running model on row number 8900 now finished - time in min: 11.551002391179402
Running model on row number 9000 now finished - time in min: 11.58622145652771
Running model on row number 9100 now finished - time in min: 11.749095094203948
Running model on row number 9200 now finished - time in min: 11.788031327724457
Running model on row number 9300 now finished - time in min: 11.93383115530014
Running model on row number 9400 now finished - time in min: 12.10587883790334
Running model on row number 9500 now finished - time in min: 12.140653991699219
Running model on row number 9600 now finished - time in min: 12.297108924388885
Running model on row number 9700 now finished - time in min: 12.33394424120585
Running model on row number 9800 now finished - time in min: 12.476122033596038
Running model on row number 9900 now finished - time in min: 12.505127867062887
Running model on row number 9900 now finished - time in min: 12.505447900295257
Running model on row number 9900 now finished - time in min: 12.505839224656423
Running model on row number 9900 now finished - time in min: 12.506202701727549
Running model on row number 9900 now finished - time in min: 12.50649534066518
Running model on row number 9900 now finished - time in min: 12.506788857777913
Running model on row number 10000 now finished - time in min: 12.557885575294495
Running model on row number 10100 now finished - time in min: 12.575143015384674
Running model on row number 10200 now finished - time in min: 12.62585084438324
Running model on row number 10300 now finished - time in min: 12.643341505527497
Running model on row number 10400 now finished - time in min: 12.660953084627787
Running model on row number 10500 now finished - time in min: 12.710644261042278
Running model on row number 10600 now finished - time in min: 12.727865397930145
Running model on row number 10700 now finished - time in min: 12.775041429201762
Running model on row number 10800 now finished - time in min: 12.792538181940715
Running model on row number 10900 now finished - time in min: 12.809803585211435
Running model on row number 11000 now finished - time in min: 12.861851008733113
Running model on row number 11100 now finished - time in min: 12.879178901513418
Running model on row number 11200 now finished - time in min: 12.92728170156479
Running model on row number 11300 now finished - time in min: 12.944631099700928
Running model on row number 11400 now finished - time in min: 12.961759118239085
Running model on row number 11500 now finished - time in min: 13.012442855040232
Running model on row number 11600 now finished - time in min: 13.029900221029918
Running model on row number 11700 now finished - time in min: 13.079439894358318
Running model on row number 11800 now finished - time in min: 13.097220611572265
Running model on row number 11900 now finished - time in min: 13.11386444568634
Running model on row number 12000 now finished - time in min: 13.161847718556722
Running model on row number 12100 now finished - time in min: 13.17925933599472
Running model on row number 12200 now finished - time in min: 13.196926800409953
Running model on row number 12300 now finished - time in min: 13.245068220297496
Running model on row number 12400 now finished - time in min: 13.262146266301473
Running model on row number 12500 now finished - time in min: 13.311793494224549
Running model on row number 12600 now finished - time in min: 13.32871454556783
Running model on row number 12700 now finished - time in min: 13.34550428390503
Running model on row number 12800 now finished - time in min: 13.389516846338909
Running model on row number 12900 now finished - time in min: 13.406250115235647
Running model on row number 13000 now finished - time in min: 13.454030120372773
Running model on row number 13100 now finished - time in min: 13.471687118212381
Running model on row number 13200 now finished - time in min: 13.48930858373642
Running model on row number 13300 now finished - time in min: 13.534430070718129
Running model on row number 13400 now finished - time in min: 13.551966893672944
Running model on row number 13500 now finished - time in min: 13.600399084885915
Running model on row number 13600 now finished - time in min: 13.61827998161316
Running model on row number 13700 now finished - time in min: 13.636013956864675
Running model on row number 13800 now finished - time in min: 13.685736680030823
Running model on row number 13900 now finished - time in min: 13.703098567326863
Running model on row number 14000 now finished - time in min: 13.750128197669984
Running model on row number 14100 now finished - time in min: 13.76830152273178
Running model on row number 14200 now finished - time in min: 13.785881312688192
Running model on row number 14300 now finished - time in min: 13.835472146670023
Running model on row number 14400 now finished - time in min: 13.85324604511261
Running model on row number 14500 now finished - time in min: 13.871092506249745
Running model on row number 14600 now finished - time in min: 13.91846543153127
Running model on row number 14700 now finished - time in min: 13.93624974489212
Running model on row number 14800 now finished - time in min: 13.992740420500438
Running model on row number 14900 now finished - time in min: 14.010284360249837
Running model on row number 15000 now finished - time in min: 14.027187915643056
Running model on row number 15100 now finished - time in min: 14.227793061733246
Running model on row number 15200 now finished - time in min: 14.405614852905273
Running model on row number 15300 now finished - time in min: 14.452844405174256
Running model on row number 15400 now finished - time in min: 14.684542592366537
Running model on row number 15500 now finished - time in min: 14.874212690194447
Running model on row number 15600 now finished - time in min: 14.928091712792714
Running model on row number 15700 now finished - time in min: 15.16492339372635
Running model on row number 15800 now finished - time in min: 15.391071812311809
Running model on row number 15900 now finished - time in min: 15.568910916646322
Running model on row number 15900 now finished - time in min: 15.569204302628835
Running model on row number 15900 now finished - time in min: 15.569610035419464
Running model on row number 15900 now finished - time in min: 15.569809420903523
Running model on row number 16000 now finished - time in min: 15.612266035874685
Running model on row number 16100 now finished - time in min: 15.801331361134848
Running model on row number 16200 now finished - time in min: 15.949147848288218
Running model on row number 16300 now finished - time in min: 15.989297350247702
Running model on row number 16400 now finished - time in min: 16.170582660039265
Running model on row number 16400 now finished - time in min: 16.17080572048823
Running model on row number 16500 now finished - time in min: 16.208500496546428
Running model on row number 16600 now finished - time in min: 16.393880267937977
Running model on row number 16700 now finished - time in min: 16.434783367315926
Running model on row number 16800 now finished - time in min: 16.581486491362252
Running model on row number 16900 now finished - time in min: 16.768297445774078
Running model on row number 17000 now finished - time in min: 16.8081188082695
Running model on row number 17100 now finished - time in min: 16.9917275985082
Running model on row number 17200 now finished - time in min: 17.02721603711446
Running model on row number 17300 now finished - time in min: 17.183820350964865
Running model on row number 17400 now finished - time in min: 17.353802605470023
Running model on row number 17500 now finished - time in min: 17.389447859923045
Running model on row number 17600 now finished - time in min: 17.59415966272354
Running model on row number 17600 now finished - time in min: 17.594550450642902
Running model on row number 17600 now finished - time in min: 17.594955492019654
Running model on row number 17600 now finished - time in min: 17.59529932339986
Running model on row number 17600 now finished - time in min: 17.59567636648814
Running model on row number 17600 now finished - time in min: 17.595837545394897
Running model on row number 17700 now finished - time in min: 17.753370706240336
Running model on row number 17800 now finished - time in min: 17.79446876446406
Running model on row number 17900 now finished - time in min: 17.990816382567086
Running model on row number 18000 now finished - time in min: 18.031404062112173
Running model on row number 18100 now finished - time in min: 18.198780488967895
Running model on row number 18200 now finished - time in min: 18.3225949327151
Running model on row number 18300 now finished - time in min: 18.349432492256163
Running model on row number 18400 now finished - time in min: 18.42046586672465
Running model on row number 18500 now finished - time in min: 18.440352980295817
Running model on row number 18600 now finished - time in min: 18.458952979246774
Running model on row number 18700 now finished - time in min: 18.530684288342794
Running model on row number 18800 now finished - time in min: 18.55058773756027
Running model on row number 18900 now finished - time in min: 18.61941128174464
Running model on row number 19000 now finished - time in min: 18.640070875485737
Running model on row number 19100 now finished - time in min: 18.709121119976043
Running model on row number 19100 now finished - time in min: 18.709320084253946
Running model on row number 19200 now finished - time in min: 18.728026358286538
Running model on row number 19300 now finished - time in min: 18.74765859047572
Running model on row number 19300 now finished - time in min: 18.74783286253611
Running model on row number 19400 now finished - time in min: 18.817842324574787
Running model on row number 19500 now finished - time in min: 18.83652371565501
Running model on row number 19600 now finished - time in min: 18.90286206007004
Running model on row number 19700 now finished - time in min: 18.9223908384641
Running model on row number 19800 now finished - time in min: 18.94197800954183
Running model on row number 19900 now finished - time in min: 19.00891679128011
Running model on row number 20000 now finished - time in min: 19.02835657596588
Running model on row number 20100 now finished - time in min: 19.10060896873474
Running model on row number 20100 now finished - time in min: 19.100784293810527
Running model on row number 20200 now finished - time in min: 19.121323156356812
Running model on row number 20300 now finished - time in min: 19.141071812311807
Running model on row number 20400 now finished - time in min: 19.208150339126586
Running model on row number 20500 now finished - time in min: 19.22759783267975
Running model on row number 20600 now finished - time in min: 19.29606358210246
Running model on row number 20700 now finished - time in min: 19.315683607260386
Running model on row number 20800 now finished - time in min: 19.378703196843464
Running model on row number 20900 now finished - time in min: 19.39782056013743
Running model on row number 21000 now finished - time in min: 19.417866142590842
Running model on row number 21100 now finished - time in min: 19.487640444437663
Running model on row number 21200 now finished - time in min: 19.507633610566458
Running model on row number 21300 now finished - time in min: 19.57027888695399
Running model on row number 21400 now finished - time in min: 19.588694258530936
Running model on row number 21500 now finished - time in min: 19.60688223838806
Running model on row number 21600 now finished - time in min: 19.666960879166922
Running model on row number 21700 now finished - time in min: 19.68496551911036
Running model on row number 21800 now finished - time in min: 19.75063277085622
Running model on row number 21900 now finished - time in min: 19.77053173383077
Running model on row number 21900 now finished - time in min: 19.77072437206904
Running model on row number 22000 now finished - time in min: 19.78958742618561
Running model on row number 22100 now finished - time in min: 19.846779096126557
Running model on row number 22200 now finished - time in min: 19.8649097998937
Running model on row number 22300 now finished - time in min: 19.932601022720338
Running model on row number 22400 now finished - time in min: 19.95249000390371
Running model on row number 22500 now finished - time in min: 19.970755048592885
Running model on row number 22600 now finished - time in min: 20.034383964538574
Running model on row number 22700 now finished - time in min: 20.05384968519211
Running model on row number 22800 now finished - time in min: 20.123446134726205
Running model on row number 22900 now finished - time in min: 20.14274757305781
Running model on row number 23000 now finished - time in min: 20.204463132222493
Running model on row number 23100 now finished - time in min: 20.22387071053187
Running model on row number 23200 now finished - time in min: 20.24220112959544
Running model on row number 23300 now finished - time in min: 20.309370172023772
Running model on row number 23400 now finished - time in min: 20.32917323509852
Running model on row number 23500 now finished - time in min: 20.39409874280294
Running model on row number 23600 now finished - time in min: 20.414048822720847
Running model on row number 23700 now finished - time in min: 20.434045147895812
Running model on row number 23800 now finished - time in min: 20.498274532953896
Running model on row number 23900 now finished - time in min: 20.516991452376047
Running model on row number 24000 now finished - time in min: 20.578368854522704
Running model on row number 24100 now finished - time in min: 20.597479649384816
Running model on row number 24200 now finished - time in min: 20.615541752179464
Running model on row number 24300 now finished - time in min: 20.67459212144216
Running model on row number 24400 now finished - time in min: 20.6919961810112
Running model on row number 24500 now finished - time in min: 20.7553529103597
Running model on row number 24600 now finished - time in min: 20.774962290128073
Running model on row number 24700 now finished - time in min: 20.79524467388789
Running model on row number 24800 now finished - time in min: 20.866210567951203
Running model on row number 24900 now finished - time in min: 20.885262099901833
Running model on row number 25000 now finished - time in min: 20.949618180592854
Running model on row number 25000 now finished - time in min: 20.949818178017935
Running model on row number 25100 now finished - time in min: 20.968816888332366
Running model on row number 25200 now finished - time in min: 21.03085881471634
Running model on row number 25300 now finished - time in min: 21.050163161754607
Running model on row number 25400 now finished - time in min: 21.068796010812125
Running model on row number 25500 now finished - time in min: 21.136760632197063
Running model on row number 25500 now finished - time in min: 21.13694565296173
Running model on row number 25600 now finished - time in min: 21.15620750983556
Running model on row number 25700 now finished - time in min: 21.23118920326233
Running model on row number 25800 now finished - time in min: 21.250376256306968
Running model on row number 25900 now finished - time in min: 21.27123569647471
Running model on row number 26000 now finished - time in min: 21.378803102175393
Running model on row number 26100 now finished - time in min: 21.404371337095895
Running model on row number 26200 now finished - time in min: 21.496382395426433
Running model on row number 26300 now finished - time in min: 21.51984655459722
Running model on row number 26300 now finished - time in min: 21.52006675004959
Running model on row number 26400 now finished - time in min: 21.587448167800904
Running model on row number 26500 now finished - time in min: 21.60827048619588
Running model on row number 26600 now finished - time in min: 21.628845659891763
Running model on row number 26700 now finished - time in min: 21.72905949751536
Running model on row number 26800 now finished - time in min: 21.751798069477083
Running model on row number 26900 now finished - time in min: 21.83268498182297
Running model on row number 27000 now finished - time in min: 21.854083649317424
Running model on row number 27100 now finished - time in min: 21.949516467253368
Running model on row number 27200 now finished - time in min: 21.971497956911723
Running model on row number 27300 now finished - time in min: 21.99459001223246
Running model on row number 27400 now finished - time in min: 22.087468791007996
Running model on row number 27400 now finished - time in min: 22.087716885407765
Running model on row number 27500 now finished - time in min: 22.107446686426798
Running model on row number 27600 now finished - time in min: 22.20942802031835
Running model on row number 27600 now finished - time in min: 22.209751776854198
Running model on row number 27600 now finished - time in min: 22.21012488603592
Running model on row number 27600 now finished - time in min: 22.210402754942574
Running model on row number 27700 now finished - time in min: 22.23300042549769
Running model on row number 27800 now finished - time in min: 22.325126973787942
Running model on row number 27900 now finished - time in min: 22.347097631295522
Running model on row number 28000 now finished - time in min: 22.43509023586909
Running model on row number 28100 now finished - time in min: 22.456163549423216
Running model on row number 28200 now finished - time in min: 22.47695127328237
Running model on row number 28300 now finished - time in min: 22.557009291648864
Running model on row number 28400 now finished - time in min: 22.57952461242676
Running model on row number 28500 now finished - time in min: 22.668936065832774
Running model on row number 28600 now finished - time in min: 22.69143581390381
Running model on row number 28700 now finished - time in min: 22.772985911369325
Running model on row number 28800 now finished - time in min: 22.794921024640402
Running model on row number 28900 now finished - time in min: 22.816209959983826
Running model on row number 29000 now finished - time in min: 22.883052897453307
Running model on row number 29100 now finished - time in min: 22.904138358434043
Running model on row number 29200 now finished - time in min: 22.981362346808115
Running model on row number 29300 now finished - time in min: 23.000630823771157
Running model on row number 29400 now finished - time in min: 23.02168924808502
Running model on row number 29400 now finished - time in min: 23.021874423821767
Running model on row number 29500 now finished - time in min: 23.11611268122991
Running model on row number 29600 now finished - time in min: 23.13841776053111
Running model on row number 29700 now finished - time in min: 23.219694034258524
Running model on row number 29800 now finished - time in min: 23.240249760945638
Running model on row number 29900 now finished - time in min: 23.299635275204977
Running model on row number 30000 now finished - time in min: 23.32142173051834
Running model on row number 30000 now finished - time in min: 23.32163587411245
total time spent is 23.453637731075286 minutes
