Importing modules
Starting time
Reading in files
Prepare models
Model bert.subjective exists in /home/commando/.danlp/bert.subjective
Running model on row number 0 now finished - time in min: 0.3446956634521484
Running model on row number 100 now finished - time in min: 0.39583032925923667
Running model on row number 200 now finished - time in min: 0.61231054464976
Running model on row number 300 now finished - time in min: 0.8872073213259379
Running model on row number 400 now finished - time in min: 1.087985599040985
Running model on row number 500 now finished - time in min: 1.3506550113360087
Running model on row number 600 now finished - time in min: 1.406494128704071
Running model on row number 700 now finished - time in min: 1.6051409602165223
Running model on row number 800 now finished - time in min: 1.8550047318140666
Running model on row number 800 now finished - time in min: 1.8553782463073731
Running model on row number 900 now finished - time in min: 2.048297150929769
Running model on row number 1000 now finished - time in min: 2.105867604414622
Running model on row number 1100 now finished - time in min: 2.3689698696136476
Running model on row number 1100 now finished - time in min: 2.3693058649698893
Running model on row number 1100 now finished - time in min: 2.3696428100268045
Running model on row number 1100 now finished - time in min: 2.3700204253196717
Running model on row number 1100 now finished - time in min: 2.3703766226768495
Running model on row number 1100 now finished - time in min: 2.3707302769025165
Running model on row number 1100 now finished - time in min: 2.371085508664449
Running model on row number 1100 now finished - time in min: 2.3713375767072042
Running model on row number 1200 now finished - time in min: 2.5715537707010907
Running model on row number 1300 now finished - time in min: 2.7995435277620953
Running model on row number 1400 now finished - time in min: 2.8454923550287883
Running model on row number 1400 now finished - time in min: 2.845909865697225
Running model on row number 1400 now finished - time in min: 2.846271979808807
Running model on row number 1400 now finished - time in min: 2.8466349800427753
Running model on row number 1400 now finished - time in min: 2.8469924370447797
Running model on row number 1400 now finished - time in min: 2.847364401817322
Running model on row number 1400 now finished - time in min: 2.847538431485494
Running model on row number 1500 now finished - time in min: 3.072562205791473
Running model on row number 1600 now finished - time in min: 3.2464022437731423
Running model on row number 1700 now finished - time in min: 3.472369917233785
Running model on row number 1800 now finished - time in min: 3.5159579078356424
Running model on row number 1900 now finished - time in min: 3.6983394225438437
Running model on row number 2000 now finished - time in min: 3.925445560614268
Running model on row number 2100 now finished - time in min: 3.9670340458552045
Running model on row number 2200 now finished - time in min: 4.163409928480784
Running model on row number 2300 now finished - time in min: 4.416447496414184
Running model on row number 2400 now finished - time in min: 4.5959086616834
Running model on row number 2500 now finished - time in min: 4.651499509811401
Running model on row number 2600 now finished - time in min: 4.854668692747752
Running model on row number 2600 now finished - time in min: 4.855032674471537
Running model on row number 2600 now finished - time in min: 4.855420422554016
Running model on row number 2600 now finished - time in min: 4.855618556340535
Running model on row number 2700 now finished - time in min: 5.024999229113261
Running model on row number 2800 now finished - time in min: 5.074047044912974
Running model on row number 2900 now finished - time in min: 5.299212471644084
Running model on row number 2900 now finished - time in min: 5.29952358007431
Running model on row number 2900 now finished - time in min: 5.299886620044708
Running model on row number 2900 now finished - time in min: 5.300200859705607
Running model on row number 2900 now finished - time in min: 5.300559667746226
Running model on row number 2900 now finished - time in min: 5.3007296045621235
Running model on row number 3000 now finished - time in min: 5.536917165915171
Running model on row number 3100 now finished - time in min: 5.718656619389852
Running model on row number 3200 now finished - time in min: 5.771503603458404
Running model on row number 3300 now finished - time in min: 6.0096564014752705
Running model on row number 3400 now finished - time in min: 6.197670805454254
Running model on row number 3400 now finished - time in min: 6.19785118897756
Running model on row number 3500 now finished - time in min: 6.418884420394898
Running model on row number 3600 now finished - time in min: 6.459329215685527
This sentence is too long:
['Forsidehenvisning: 322 kvinder i dansk politik i opråb mod sexisme og overgreb\n322 kvinder, som er eller har været politisk aktive i otte partier, har skrevet under på et debatindlæg, hvor de beretter om et stort omfang af sexisme og fysiske krænkelser til politiske møder, på Christiansborg og i sociale sammenhænge i partierne.', 'Kvinderne kræver handling.', 'Politiken bringer i dag deres debatindlæg, navnene på underskriverne - og beretninger, som 79 af kvinderne deler anonymt.', 'Politiken kender deres identitet.', 'Fire af beretningerne kan læses her.']
This sentence is too long:
['Elsebeth Frederiksen (Enhedslisten), Thea Lyngklip Kjeldgaard (Enhedslisten), Carina Høedt (Konservative)', ', Katrine Larsen (Venstre)', ', Terese Weng (Radikale Venstre), Ninna Hedeager Olsen (Enhedslisten)', ', Marianne Rohde (Enhedslisten), Clara Overgård Christensen (Venstre)', ', Nina Ericsson (Enhedslisten), Maria Sofie Petersen (Enhedslisten), Lone Degn (Enhedslisten), Lea Fadakar (Enhedslisten), Ina Degn Woods (Enhedslisten), Emma Marie Poorthuis (Socialdemokratiet), Maria Helene Riber (Socialdemokratiet), Stinna Gammelgaard (Enhedslisten), Rosa Sulaiman (Socialdemokratiet), Kathrine Øster (Venstre), Hanna-Louise Schou Nielsen (Enhedslisten), Kristina Gammelgaard-Larsen (Enhedslisten), Ronja Rose Ravnskov (Socialistisk Folkeparti), Anne Skau Styrishave (Radikale Venstre)', ', Ditte-Marie Thejsen (Enhedslisten), Caroline Holdflod Nørgaard (Socialdemokratiet), Alma Clement Kristensen (Socialdemokratiet), Signe D. Jørgensen (Enhedslisten), Sonja Marie Jensen (Socialdemokratiet), Bodil Garde (Enhedslisten), Mette Bjerre (Socialistisk Folkeparti), Marie Birgitte Lassen (Enhedslisten)', ', Tina Vejby (Enhedslisten), Signe Havskjær (Socialdemokratiet), Maria Temponeras (Enhedslisten), Rose Sloth Hansen (Socialdemokratiet), Maria Liv Kjærgaard (Socialdemokratiet), Anneline Larsen (Socialdemokratiet), Mimoza Murati (Enhedslisten), Line Mastrup (Socialdemokratiet), Signe Lund Jensen (Enhedslisten)', ', Ronja Toxværd (Enhedslisten), Marianne Rosenkvist (Enhedslisten)']
Running model on row number 3700 now finished - time in min: 6.624868814150492
Running model on row number 3800 now finished - time in min: 6.7304902156194055
Running model on row number 3800 now finished - time in min: 6.730732576052348
Running model on row number 3800 now finished - time in min: 6.730910503864289
Running model on row number 3900 now finished - time in min: 6.75404330889384
Running model on row number 3900 now finished - time in min: 6.754330758253733
Running model on row number 4000 now finished - time in min: 6.773843320210775
Running model on row number 4100 now finished - time in min: 6.862954680124918
Running model on row number 4200 now finished - time in min: 6.885053618748983
Running model on row number 4300 now finished - time in min: 6.9735171556472775
Running model on row number 4300 now finished - time in min: 6.97371461391449
Running model on row number 4400 now finished - time in min: 6.996717500686645
Running model on row number 4500 now finished - time in min: 7.116037134329478
Running model on row number 4600 now finished - time in min: 7.137816027800242
Running model on row number 4700 now finished - time in min: 7.217834270000457
Running model on row number 4800 now finished - time in min: 7.238157300154368
Running model on row number 4900 now finished - time in min: 7.259541388352712
Running model on row number 4900 now finished - time in min: 7.259735023975372
Running model on row number 5000 now finished - time in min: 7.345123418172201
Running model on row number 5100 now finished - time in min: 7.3663566629091894
Running model on row number 5200 now finished - time in min: 7.445937267939249
Running model on row number 5300 now finished - time in min: 7.467251837253571
Running model on row number 5400 now finished - time in min: 7.532450298468272
Running model on row number 5400 now finished - time in min: 7.532653224468231
Running model on row number 5500 now finished - time in min: 7.55358000199
Running model on row number 5600 now finished - time in min: 7.574581265449524
Running model on row number 5700 now finished - time in min: 7.660936896006266
Running model on row number 5800 now finished - time in min: 7.682309786478679
Running model on row number 5800 now finished - time in min: 7.682518315315247
Running model on row number 5900 now finished - time in min: 7.760981436570486
Running model on row number 6000 now finished - time in min: 7.782867773373922
Running model on row number 6100 now finished - time in min: 7.858672837416331
Running model on row number 6200 now finished - time in min: 7.879560462633768
Running model on row number 6300 now finished - time in min: 7.902114001909892
Running model on row number 6400 now finished - time in min: 7.994442482789357
Running model on row number 6500 now finished - time in min: 8.017786014080048
Running model on row number 6500 now finished - time in min: 8.018087331453959
Running model on row number 6600 now finished - time in min: 8.094938127199809
Running model on row number 6700 now finished - time in min: 8.116328235467275
Running model on row number 6800 now finished - time in min: 8.247910964488984
Running model on row number 6900 now finished - time in min: 8.269117518266041
Running model on row number 7000 now finished - time in min: 8.43003696600596
Running model on row number 7100 now finished - time in min: 8.482428272565206
Running model on row number 7200 now finished - time in min: 8.732709642251333
Running model on row number 7300 now finished - time in min: 8.92081314722697
Running model on row number 7300 now finished - time in min: 8.921210602919261
Running model on row number 7300 now finished - time in min: 8.921567066510518
Running model on row number 7300 now finished - time in min: 8.921880102157592
Running model on row number 7300 now finished - time in min: 8.922203934192657
Running model on row number 7300 now finished - time in min: 8.922553316752117
Running model on row number 7400 now finished - time in min: 9.171379280090331
Running model on row number 7500 now finished - time in min: 9.354573543866476
Running model on row number 7600 now finished - time in min: 9.403774197896322
Running model on row number 7600 now finished - time in min: 9.404111274083455
Running model on row number 7600 now finished - time in min: 9.404455649852753
Running model on row number 7600 now finished - time in min: 9.404816428820292
Running model on row number 7600 now finished - time in min: 9.40516369342804
Running model on row number 7600 now finished - time in min: 9.405428330103556
Running model on row number 7700 now finished - time in min: 9.63853251139323
Running model on row number 7800 now finished - time in min: 9.815916820367176
Running model on row number 7900 now finished - time in min: 10.046744088331858
Running model on row number 8000 now finished - time in min: 10.097960901260375
Running model on row number 8100 now finished - time in min: 10.253974835077921
Running model on row number 8200 now finished - time in min: 10.486190577348074
Running model on row number 8300 now finished - time in min: 10.697496008872985
Running model on row number 8400 now finished - time in min: 10.737534634272258
Running model on row number 8500 now finished - time in min: 10.920300575097402
Running model on row number 8500 now finished - time in min: 10.920670560995738
Running model on row number 8500 now finished - time in min: 10.921067611376445
Running model on row number 8500 now finished - time in min: 10.921407564481099
Running model on row number 8500 now finished - time in min: 10.921744970480601
Running model on row number 8500 now finished - time in min: 10.922078720728557
Running model on row number 8500 now finished - time in min: 10.922388736406962
Running model on row number 8500 now finished - time in min: 10.922724982102713
Running model on row number 8500 now finished - time in min: 10.923030352592468
Running model on row number 8500 now finished - time in min: 10.923403473695119
Running model on row number 8500 now finished - time in min: 10.923584739367167
Running model on row number 8600 now finished - time in min: 11.131644940376281
Running model on row number 8700 now finished - time in min: 11.180140177408854
Running model on row number 8800 now finished - time in min: 11.315860565503439
Running model on row number 8900 now finished - time in min: 11.471374507745107
Running model on row number 9000 now finished - time in min: 11.505157808462778
Running model on row number 9100 now finished - time in min: 11.66446195046107
Running model on row number 9200 now finished - time in min: 11.701515920956929
Running model on row number 9300 now finished - time in min: 11.845090222358703
Running model on row number 9400 now finished - time in min: 12.013153743743896
Running model on row number 9500 now finished - time in min: 12.047946993509928
Running model on row number 9600 now finished - time in min: 12.206581143538157
Running model on row number 9700 now finished - time in min: 12.244988771279653
Running model on row number 9800 now finished - time in min: 12.385043942928315
Running model on row number 9900 now finished - time in min: 12.4141144434611
Running model on row number 9900 now finished - time in min: 12.414449000358582
Running model on row number 9900 now finished - time in min: 12.414847266674041
Running model on row number 9900 now finished - time in min: 12.415221631526947
Running model on row number 9900 now finished - time in min: 12.41552755832672
Running model on row number 9900 now finished - time in min: 12.415833552678427
Running model on row number 10000 now finished - time in min: 12.467406463623046
Running model on row number 10100 now finished - time in min: 12.484259307384491
Running model on row number 10200 now finished - time in min: 12.532603518168132
Running model on row number 10300 now finished - time in min: 12.549994337558747
Running model on row number 10400 now finished - time in min: 12.567308127880096
Running model on row number 10500 now finished - time in min: 12.615290160973867
Running model on row number 10600 now finished - time in min: 12.632549238204955
Running model on row number 10700 now finished - time in min: 12.681171317895254
Running model on row number 10800 now finished - time in min: 12.698330295085906
Running model on row number 10900 now finished - time in min: 12.717617098490397
Running model on row number 11000 now finished - time in min: 12.768007886409759
Running model on row number 11100 now finished - time in min: 12.784864672025044
Running model on row number 11200 now finished - time in min: 12.835367425282795
Running model on row number 11300 now finished - time in min: 12.851927347977956
Running model on row number 11400 now finished - time in min: 12.868307411670685
Running model on row number 11500 now finished - time in min: 12.915233174959818
Running model on row number 11600 now finished - time in min: 12.93250078757604
Running model on row number 11700 now finished - time in min: 12.985103225708007
Running model on row number 11800 now finished - time in min: 13.003358368078867
Running model on row number 11900 now finished - time in min: 13.0204527258873
Running model on row number 12000 now finished - time in min: 13.06729046901067
Running model on row number 12100 now finished - time in min: 13.084543697039287
Running model on row number 12200 now finished - time in min: 13.101803580919901
Running model on row number 12300 now finished - time in min: 13.151236311594646
Running model on row number 12400 now finished - time in min: 13.168361973762511
Running model on row number 12500 now finished - time in min: 13.214595174789428
Running model on row number 12600 now finished - time in min: 13.231410070260365
Running model on row number 12700 now finished - time in min: 13.248260362943013
Running model on row number 12800 now finished - time in min: 13.294250055154164
Running model on row number 12900 now finished - time in min: 13.311377958456676
Running model on row number 13000 now finished - time in min: 13.358798905213673
Running model on row number 13100 now finished - time in min: 13.37595711549123
Running model on row number 13200 now finished - time in min: 13.393060370286305
Running model on row number 13300 now finished - time in min: 13.438605686028799
Running model on row number 13400 now finished - time in min: 13.45566490093867
Running model on row number 13500 now finished - time in min: 13.503490956624349
Running model on row number 13600 now finished - time in min: 13.521425803502401
Running model on row number 13700 now finished - time in min: 13.539371558030446
Running model on row number 13800 now finished - time in min: 13.585211602846782
Running model on row number 13900 now finished - time in min: 13.602664959430694
Running model on row number 14000 now finished - time in min: 13.648804648717244
Running model on row number 14100 now finished - time in min: 13.666535826524099
Running model on row number 14200 now finished - time in min: 13.68418863217036
Running model on row number 14300 now finished - time in min: 13.733604907989502
Running model on row number 14400 now finished - time in min: 13.751731669902801
Running model on row number 14500 now finished - time in min: 13.77111611366272
Running model on row number 14600 now finished - time in min: 13.818176786104837
Running model on row number 14700 now finished - time in min: 13.836194491386413
Running model on row number 14800 now finished - time in min: 13.889414846897125
Running model on row number 14900 now finished - time in min: 13.906511628627777
Running model on row number 15000 now finished - time in min: 13.923202276229858
Running model on row number 15100 now finished - time in min: 14.121142526467642
Running model on row number 15200 now finished - time in min: 14.29746098915736
Running model on row number 15300 now finished - time in min: 14.3446337779363
Running model on row number 15400 now finished - time in min: 14.57570466597875
Running model on row number 15500 now finished - time in min: 14.758200335502625
Running model on row number 15600 now finished - time in min: 14.808324563503266
Running model on row number 15700 now finished - time in min: 15.045052401224773
Running model on row number 15800 now finished - time in min: 15.270543237527212
Running model on row number 15900 now finished - time in min: 15.444107925891876
Running model on row number 15900 now finished - time in min: 15.444405754407247
Running model on row number 15900 now finished - time in min: 15.444818019866943
Running model on row number 15900 now finished - time in min: 15.445020000139872
Running model on row number 16000 now finished - time in min: 15.487065807978313
Running model on row number 16100 now finished - time in min: 15.67497437397639
Running model on row number 16200 now finished - time in min: 15.818058280150096
Running model on row number 16300 now finished - time in min: 15.859037506580353
Running model on row number 16400 now finished - time in min: 16.037544731299082
Running model on row number 16400 now finished - time in min: 16.037775389353435
Running model on row number 16500 now finished - time in min: 16.075567086537678
Running model on row number 16600 now finished - time in min: 16.260621245702108
Running model on row number 16700 now finished - time in min: 16.30016496181488
Running model on row number 16800 now finished - time in min: 16.444946801662446
Running model on row number 16900 now finished - time in min: 16.632061274846397
Running model on row number 17000 now finished - time in min: 16.669607186317442
Running model on row number 17100 now finished - time in min: 16.85207941929499
Running model on row number 17200 now finished - time in min: 16.88817228078842
Running model on row number 17300 now finished - time in min: 17.049818785985313
Running model on row number 17400 now finished - time in min: 17.21953125
Running model on row number 17500 now finished - time in min: 17.255599466959634
Running model on row number 17600 now finished - time in min: 17.45979774792989
Running model on row number 17600 now finished - time in min: 17.460183270772298
Running model on row number 17600 now finished - time in min: 17.460577722390493
Running model on row number 17600 now finished - time in min: 17.460916666189828
Running model on row number 17600 now finished - time in min: 17.4612952431043
Running model on row number 17600 now finished - time in min: 17.461453195412954
Running model on row number 17700 now finished - time in min: 17.61641118923823
Running model on row number 17800 now finished - time in min: 17.655592473347983
Running model on row number 17900 now finished - time in min: 17.8544664144516
Running model on row number 18000 now finished - time in min: 17.89459626674652
Running model on row number 18100 now finished - time in min: 18.06257301568985
Running model on row number 18200 now finished - time in min: 18.180631550153098
Running model on row number 18300 now finished - time in min: 18.20596750974655
Running model on row number 18400 now finished - time in min: 18.276450713475544
Running model on row number 18500 now finished - time in min: 18.29670706987381
Running model on row number 18600 now finished - time in min: 18.31521853605906
Running model on row number 18700 now finished - time in min: 18.386889708042144
Running model on row number 18800 now finished - time in min: 18.407343896230064
Running model on row number 18900 now finished - time in min: 18.476988315582275
Running model on row number 19000 now finished - time in min: 18.497262255350748
Running model on row number 19100 now finished - time in min: 18.566782728830972
Running model on row number 19100 now finished - time in min: 18.56697814464569
Running model on row number 19200 now finished - time in min: 18.58500203291575
Running model on row number 19300 now finished - time in min: 18.603950063387554
Running model on row number 19300 now finished - time in min: 18.60411800146103
Running model on row number 19400 now finished - time in min: 18.672303692499796
Running model on row number 19500 now finished - time in min: 18.691383715470632
Running model on row number 19600 now finished - time in min: 18.757832749684653
Running model on row number 19700 now finished - time in min: 18.77748967409134
Running model on row number 19800 now finished - time in min: 18.797168350219728
Running model on row number 19900 now finished - time in min: 18.864650372664133
Running model on row number 20000 now finished - time in min: 18.883955037593843
Running model on row number 20100 now finished - time in min: 18.958197593688965
Running model on row number 20100 now finished - time in min: 18.958373689651488
Running model on row number 20200 now finished - time in min: 18.978133273124694
Running model on row number 20300 now finished - time in min: 18.996460723876954
Running model on row number 20400 now finished - time in min: 19.06066395441691
Running model on row number 20500 now finished - time in min: 19.07957376639048
Running model on row number 20600 now finished - time in min: 19.147215191523234
Running model on row number 20700 now finished - time in min: 19.166500437259675
Running model on row number 20800 now finished - time in min: 19.229055106639862
Running model on row number 20900 now finished - time in min: 19.247423887252808
Running model on row number 21000 now finished - time in min: 19.26629023551941
Running model on row number 21100 now finished - time in min: 19.336148607730866
Running model on row number 21200 now finished - time in min: 19.355168064435322
Running model on row number 21300 now finished - time in min: 19.41781815290451
Running model on row number 21400 now finished - time in min: 19.436316148440042
Running model on row number 21500 now finished - time in min: 19.454826533794403
Running model on row number 21600 now finished - time in min: 19.514525151252748
Running model on row number 21700 now finished - time in min: 19.53254636923472
Running model on row number 21800 now finished - time in min: 19.598863144715626
Running model on row number 21900 now finished - time in min: 19.618299945195517
Running model on row number 21900 now finished - time in min: 19.618485716978707
Running model on row number 22000 now finished - time in min: 19.636917674541472
Running model on row number 22100 now finished - time in min: 19.695071351528167
Running model on row number 22200 now finished - time in min: 19.71249567270279
Running model on row number 22300 now finished - time in min: 19.77951461871465
Running model on row number 22400 now finished - time in min: 19.79985950390498
Running model on row number 22500 now finished - time in min: 19.8192000190417
Running model on row number 22600 now finished - time in min: 19.884785310427347
Running model on row number 22700 now finished - time in min: 19.904843509197235
Running model on row number 22800 now finished - time in min: 19.97166483004888
Running model on row number 22900 now finished - time in min: 19.991181313991547
Running model on row number 23000 now finished - time in min: 20.05548585653305
Running model on row number 23100 now finished - time in min: 20.075055158138277
Running model on row number 23200 now finished - time in min: 20.093674047787985
Running model on row number 23300 now finished - time in min: 20.15926178296407
Running model on row number 23400 now finished - time in min: 20.179391157627105
Running model on row number 23500 now finished - time in min: 20.24635926882426
Running model on row number 23600 now finished - time in min: 20.267625617980958
Running model on row number 23700 now finished - time in min: 20.288356868426003
Running model on row number 23800 now finished - time in min: 20.35434493223826
Running model on row number 23900 now finished - time in min: 20.372934782505034
Running model on row number 24000 now finished - time in min: 20.4339022397995
Running model on row number 24100 now finished - time in min: 20.45237365166346
Running model on row number 24200 now finished - time in min: 20.469847452640533
Running model on row number 24300 now finished - time in min: 20.53028469880422
Running model on row number 24400 now finished - time in min: 20.5479105591774
Running model on row number 24500 now finished - time in min: 20.612466073036195
Running model on row number 24600 now finished - time in min: 20.632124495506286
Running model on row number 24700 now finished - time in min: 20.652350664138794
Running model on row number 24800 now finished - time in min: 20.72361707687378
Running model on row number 24900 now finished - time in min: 20.742807098229726
Running model on row number 25000 now finished - time in min: 20.808713694413502
Running model on row number 25000 now finished - time in min: 20.808911748727162
Running model on row number 25100 now finished - time in min: 20.827531429131827
Running model on row number 25200 now finished - time in min: 20.88800722360611
Running model on row number 25300 now finished - time in min: 20.90721849600474
Running model on row number 25400 now finished - time in min: 20.924844694137573
Running model on row number 25500 now finished - time in min: 20.991171336174013
Running model on row number 25500 now finished - time in min: 20.991356575489043
Running model on row number 25600 now finished - time in min: 21.01063662370046
Running model on row number 25700 now finished - time in min: 21.085652963320413
Running model on row number 25800 now finished - time in min: 21.104686649640403
Running model on row number 25900 now finished - time in min: 21.12525648276011
Running model on row number 26000 now finished - time in min: 21.232836786905924
Running model on row number 26100 now finished - time in min: 21.258068490028382
Running model on row number 26200 now finished - time in min: 21.348899885018668
Running model on row number 26300 now finished - time in min: 21.371650922298432
Running model on row number 26300 now finished - time in min: 21.371912753582002
Running model on row number 26400 now finished - time in min: 21.441719921429954
Running model on row number 26500 now finished - time in min: 21.462087257703146
Running model on row number 26600 now finished - time in min: 21.4819029490153
Running model on row number 26700 now finished - time in min: 21.578315714995068
Running model on row number 26800 now finished - time in min: 21.600557013352713
Running model on row number 26900 now finished - time in min: 21.684245296319325
Running model on row number 27000 now finished - time in min: 21.705052332083383
Running model on row number 27100 now finished - time in min: 21.798882619539896
Running model on row number 27200 now finished - time in min: 21.821738274892173
Running model on row number 27300 now finished - time in min: 21.845605452855427
Running model on row number 27400 now finished - time in min: 21.935274533430736
Running model on row number 27400 now finished - time in min: 21.935534846782684
Running model on row number 27500 now finished - time in min: 21.955792931715646
Running model on row number 27600 now finished - time in min: 22.058486501375835
Running model on row number 27600 now finished - time in min: 22.058807937304177
Running model on row number 27600 now finished - time in min: 22.05918050209681
Running model on row number 27600 now finished - time in min: 22.059458057085674
Running model on row number 27700 now finished - time in min: 22.081685376167297
Running model on row number 27800 now finished - time in min: 22.17284911076228
Running model on row number 27900 now finished - time in min: 22.194129498799644
Running model on row number 28000 now finished - time in min: 22.27943483988444
Running model on row number 28100 now finished - time in min: 22.30083994070689
Running model on row number 28200 now finished - time in min: 22.321533433596294
Running model on row number 28300 now finished - time in min: 22.4047043244044
Running model on row number 28400 now finished - time in min: 22.42604376077652
Running model on row number 28500 now finished - time in min: 22.51469303369522
Running model on row number 28600 now finished - time in min: 22.537314840157826
Running model on row number 28700 now finished - time in min: 22.61836135784785
Running model on row number 28800 now finished - time in min: 22.64014056523641
Running model on row number 28900 now finished - time in min: 22.661376067002614
Running model on row number 29000 now finished - time in min: 22.73026204109192
Running model on row number 29100 now finished - time in min: 22.750667663415275
Running model on row number 29200 now finished - time in min: 22.82827047109604
Running model on row number 29300 now finished - time in min: 22.84833691517512
Running model on row number 29400 now finished - time in min: 22.869803019364674
Running model on row number 29400 now finished - time in min: 22.869992331663767
Running model on row number 29500 now finished - time in min: 22.96668714682261
Running model on row number 29600 now finished - time in min: 22.990004273255668
Running model on row number 29700 now finished - time in min: 23.070358538627623
Running model on row number 29800 now finished - time in min: 23.09121461311976
Running model on row number 29900 now finished - time in min: 23.15441160996755
Running model on row number 30000 now finished - time in min: 23.17521870136261
Running model on row number 30000 now finished - time in min: 23.17542427778244
total time spent is 23.306450883547466 minutes
