Importing modules
Starting time
Reading in files
Prepare models
Model bert.subjective exists in /home/commando/.danlp/bert.subjective
Running model on row number 0 now finished - time in min: 0.37255483865737915
Running model on row number 100 now finished - time in min: 0.4214258829752604
Running model on row number 200 now finished - time in min: 0.6360864241917928
Running model on row number 300 now finished - time in min: 0.913755202293396
Running model on row number 400 now finished - time in min: 1.1312501748402914
Running model on row number 500 now finished - time in min: 1.4060446659723917
Running model on row number 600 now finished - time in min: 1.4620442946751913
Running model on row number 700 now finished - time in min: 1.6641252358754477
Running model on row number 800 now finished - time in min: 1.9273733019828796
Running model on row number 800 now finished - time in min: 1.927742842833201
Running model on row number 900 now finished - time in min: 2.1248395721117657
Running model on row number 1000 now finished - time in min: 2.1798306703567505
Running model on row number 1100 now finished - time in min: 2.450482443968455
Running model on row number 1100 now finished - time in min: 2.4508079051971436
Running model on row number 1100 now finished - time in min: 2.4511324961980185
Running model on row number 1100 now finished - time in min: 2.4514958381652834
Running model on row number 1100 now finished - time in min: 2.4518438816070556
Running model on row number 1100 now finished - time in min: 2.452186477184296
Running model on row number 1100 now finished - time in min: 2.452529215812683
Running model on row number 1100 now finished - time in min: 2.45277103583018
Running model on row number 1200 now finished - time in min: 2.660182599226634
Running model on row number 1300 now finished - time in min: 2.888451619942983
Running model on row number 1400 now finished - time in min: 2.932312313715617
Running model on row number 1400 now finished - time in min: 2.932710599899292
Running model on row number 1400 now finished - time in min: 2.933059211572011
Running model on row number 1400 now finished - time in min: 2.9334037065505982
Running model on row number 1400 now finished - time in min: 2.933738911151886
Running model on row number 1400 now finished - time in min: 2.934088893731435
Running model on row number 1400 now finished - time in min: 2.934249802430471
Running model on row number 1500 now finished - time in min: 3.1563188552856447
Running model on row number 1600 now finished - time in min: 3.328364141782125
Running model on row number 1700 now finished - time in min: 3.555111062526703
Running model on row number 1800 now finished - time in min: 3.5977428555488586
Running model on row number 1900 now finished - time in min: 3.7866400917371115
Running model on row number 2000 now finished - time in min: 4.016470070679983
Running model on row number 2100 now finished - time in min: 4.056053686141968
Running model on row number 2200 now finished - time in min: 4.2544126828511555
Running model on row number 2300 now finished - time in min: 4.508328608671824
Running model on row number 2400 now finished - time in min: 4.7018254478772485
Running model on row number 2500 now finished - time in min: 4.7546053647995
Running model on row number 2600 now finished - time in min: 4.959251737594604
Running model on row number 2600 now finished - time in min: 4.959602836767832
Running model on row number 2600 now finished - time in min: 4.959979875882467
Running model on row number 2600 now finished - time in min: 4.960170483589172
Running model on row number 2700 now finished - time in min: 5.1333717147509255
Running model on row number 2800 now finished - time in min: 5.181320480505625
Running model on row number 2900 now finished - time in min: 5.406398622194926
Running model on row number 2900 now finished - time in min: 5.406698866685232
Running model on row number 2900 now finished - time in min: 5.4070542852083845
Running model on row number 2900 now finished - time in min: 5.40736247698466
Running model on row number 2900 now finished - time in min: 5.4077108144760135
Running model on row number 2900 now finished - time in min: 5.407879670461019
Running model on row number 3000 now finished - time in min: 5.652867174148559
Running model on row number 3100 now finished - time in min: 5.838925186793009
Running model on row number 3200 now finished - time in min: 5.891329367955525
Running model on row number 3300 now finished - time in min: 6.142716296513876
Running model on row number 3400 now finished - time in min: 6.327828272183736
Running model on row number 3400 now finished - time in min: 6.328002560138702
Running model on row number 3500 now finished - time in min: 6.5509887139002485
Running model on row number 3600 now finished - time in min: 6.5906196753184
This sentence is too long:


Sigrid Friis (Radikale Venstre), Freja Fokdal (Radikale Venstre), Camilla Søe (Venstre), Maria Gudme (Socialdemokratiet), Clara Halvorsen (Radikale Venstre), Louise Lindskrog (Socialdemokratiet), Marta Hoffmann (Socialdemokratiet), Aida Ammary (Enhedslisten), Katrine Fugl (tidl. Venstre), Pernille Birch (tidl. Konservative), Malene Hall (Liberal Alliance), Signe Bøgevald (Liberal Alliance), Emma Have (Liberal Alliance), Hira Nadeem (Liberal Alliance), Amalie Jensen (Liberal Alliance), Silke Anna Hein, (Liberal Alliance), Maya Bengaard (Liberal Alliance), Line Brændgaard Christensen (Liberal Alliance), Laura Ventrice (Liberal Alliance), Katrine Monrad (Venstre), Ditte Wedege (Liberal Alliance), Annika Skov (Liberal Alliance), Lene Horsbøl (Venstre), Sarah Gruszow Bærentzen (Radikale Venstre), Katrine Fischer (Liberal Alliance), Ditte Scharling (Liberal Alliance), Sofie Beck (tidl.
 Sigrid Friis (Radikale Venstre), Freja Fokdal (Radikale Venstre), Camilla Søe (Venstre), Maria Gudme (Socialdemokratiet), Clara Halvorsen (Radikale Venstre), Louise Lindskrog (Socialdemokratiet), Marta Hoffmann (Socialdemokratiet), Aida Ammary (Enhedslisten), Katrine Fugl (tidl. Venstre), Pernille Birch (tidl. Konservative), Malene Hall (Liberal Alliance), Signe Bøgevald (Liberal Alliance), Emma Have (Liberal Alliance), Hira Nadeem (Liberal Alliance), Amalie Jensen (Liberal Alliance), Silke Anna Hein, (Liberal Alliance), Maya Bengaard (Liberal Alliance), Line Brændgaard Christensen (Liberal Alliance), Laura Ventrice (Liberal Alliance), Katrine Monrad (Venstre), Ditte Wedege (Liberal Alliance), Annika Skov (Liberal Alliance), Lene Horsbøl (Venstre), Sarah Gruszow Bærentzen (Radikale Venstre), Katrine Fischer (Liberal Alliance), Ditte Scharling (Liberal Alliance), Sofie Beck (tidl. Liberal Alliance), Caroline Valentiner-Branth (Radikale Venstre), Freja Holm Kristensen (Radikale Venstre), Sofie Johanna Kuhn, (Radikale Venstre), Anne Sophie Lyskjær Noer (Venstre), Katrine Kildgaard (Radikale Venstre), Louise Ahle (Venstre), Anna Dose (Venstre), Karen Holmkvist Frese (Venstre), Maria Mejse Mortensen (tidl. Radikale Venstre), Malene Lausten Hartvigsen (Venstre), Clara Frydenberg (Venstre), Anne-Sofie B. Mikkelsen (Radikale Venstre), Mette Oxholm (tidl. Venstre), Kira Marie Peter-Hansen (Socialistisk Folkeparti), Sofie Louise Rønholt Carlø (Socialistisk Folkeparti), Cecilia Zade Iseni (Konservative), Lea Friedberg (Socialdemokratiet), Julie Nymark (Venstre), Emma Marie Kongsbak Bertelsen (Venstre), Sofie Lippert (Socialistisk Folkeparti), Birgitte L. Søe (tidl. medlem af Venstre), Feline Drachmann (Venstre), Clara Sadolin (Venstre), Kristine Milling Oddershede (Venstre), Cille Hald Egholm (Venstre), Olivia Barkou Madsen (tidl. medlem af Venstre), Esther Bæk Farsøe (Socialistisk Folkeparti), Tina-Mia Eriksen (Konservative), Laura Rosenvinge (Socialdemokratiet), Karoline Vind (Socialistisk Folkeparti), Tammy Saenwicha Nielsen (Liberal Alliance), Sofie de Bretteville Olsen (Socialdemokratiet), Sofie Kohsel (Venstre), Else Marie Haurum (Liberal Alliance), Elisabeth Bast Laurents (Liberal Alliance), Nanna Bonde (Socialistisk Folkeparti), Freja Thomsen (Liberal Alliance), Laura Bøgevald (Liberal Alliance), Eva Busch (tidl. medlem af Venstre), Emilie Jäger (Liberal Alliance), Ida Veicherts (Liberal Alliance), Nicoline Gaardsøe (tidl. medlem af Venstre), Frederikke Rosenberg (Liberal Alliance), Annelouise Hvilshøj (Liberal Alliance), Katrine Skov-Hansen (Alternativet), Annika Clemens (tidl. medlem af Venstre), Anna A. Rosendal (tidl. Venstre), Sofie Christensen (Venstre), Astrid Aller (Socialistisk Folkeparti), Natasja Madsen (tidl. medlem af Venstre), Rikke Møller (Venstre), Nanna Grimstrup (Venstre), Juliane Jenvall (Venstre), Victoria Francke (Venstre), Rikke Alexandrine Troelsen (Liberal Alliance), Ditte Fredensborg (Socialdemokratiet), Nana Alrø (Venstre), Emilie Østergaard Knudsen (tidl. Alternativet), Emilie Serina Pil Rasmussen (Venstre), Sara Rønning-Bæk (Venstre), Kathrine Kjær (Radikale Venstre), Venessa Bank (Venstre), Signe Vind Krogh-Jensen (Radikale Venstre), Emma Sjørvad (Socialistisk Folkeparti), Sidsel Hjorth (Konservative), Nafisa Fiidow (tidl. Alternativet, nu Socialistisk Folkeparti), Amalie Lindkær Leth Jensen (Liberal Alliance), Trine Curting (tidl. Venstre), Anna Ockelmann (Socialistisk Folkeparti), Natasha Høyer (Venstre), Amanda Duus (Venstre), Simone Basse (Konservative), Jenny Tram Nguyen (Venstre), Victoria Brohus (Radikale Venstre), Mathilde Heinze (Venstre), Caroline Masello Horsens (Venstre), Anne Sofie Vestergaard Poulsen (Venstre), Nadja Rosing Larsen (Venstre), Ida Marie Larsen Tørnæs (Venstre), Caroline Breinholt (Radikale Venstre), Karina Bergmann (Konservative), Jino Victoria Doabi (Radikale Venstre), Kristin Blach Petersen (Venstre), Rebecca Hovgaard (Venstre), Signe-Mie Riis Jensen (Radikale Venstre), Mette Kildegaard Hansen (Radikale Venstre), Karoline Bjørk Christensen (Venstre), Franciska Dis Brodersen (tidl. Radikale Venstre), Martine Brumsbjerg (Venstre), Trine Juul Jakobsen (Venstre), Petrine Louise Johannesen (Venstre), Isabel Havndrup Aackmann (Radikale Venstre), Helene Marie Andersen (Venstre), Line Klarskov (Venstre), Agathe Engell (Radikale Venstre), Maria Georgi Sloth (Radikale Venstre), Anna Kjær (Socialistisk Folkeparti), Nicoline Højlund Lauritsen (Venstre), Josefine Westen Michaelsen (Venstre), Ida Oehlenschlæger Rasmussen (Radikale Venstre), Maria Lagoni Andersen (Venstre), Laura Marie Sinius Månsson (Socialistisk Folkeparti), Sinem Demir (Enhedslisten), Ellen Kirstine Jensen (Radikale Venstre), Lotte Kofoed (Socialistisk Folkeparti), Mette Isaksen (Socialistisk Folkeparti), Fanny Broholm (Alternativet), Charlotte Lund (Enhedslisten), Lea Nielsen (Radikale Venstre), Jeanette Kusk (Enhedslisten), Anne Hegelund (Enhedslisten), Julie Wessman Eir (Radikale Venstre), Mathilde Mørch (Venstre), Anna Overlund Sørensen (Socialistisk Folkeparti), Astrid Vang Hansen (Enhedslisten), Jenny Maria Jørgensen (Radikale Venstre), Marie Sønderhaven Christophersen (Venstre), Rosalina Svane Christensen (Enhedslisten), Maya Hultmann Sloth (Venstre), Trine Simmel (Enhedslisten),
This sentence is too long:
, Anne Mette Isabel Nielsen (Enhedslisten), Trine Madsen (Socialdemokratiet), Thea Bang (Radikale Venstre), Stine Eiby (Socialdemokratiet), Cecilie Roed Schultz (Enhedslisten), Malou Astrup Clemmensen (Socialdemokratiet), Marianne Thorius Ruskjær (Enhedslisten), Michella Lescher (Socialistisk Folkeparti), Marie Agnete Lønholdt Juhl 8 (Enhedslisten), Nikoline Brockenhuus Rindung (Socialdemokratiet), Charlotte Crockett Jørgensen (Socialdemokratiet), Runa Friis Hansen (Enhedslisten), Elise Sydendal (Socialistisk Folkeparti), Anna Sommer Harrits (Socialdemokratiet), Sarah Lindholm (Radikale Venstre), Lisbeth Torfing (Enhedslisten), Marianne Jasmine Søgaard (Socialdemokratiet), Trine Høffding Ibsen (Socialdemokratiet), Agnes Holst (Enhedslisten), Laura Kofod (Enhedslisten), Pernille Toft (Radikale Venstre), Anahita Malakians (tidl. medlem af Venstre), Nanna Silke Ploug (Socialdemokratiet), Nina Möger Bengtsson (Socialdemokratiet), Caroline Amalie Hertel (Socialdemokratiet), Anna Aaen (Enhedslisten), Bianca Vitting Montenegro (Socialistisk Folkeparti), Stine Mie Stausgaard (Socialdemokratiet), Simone Strandsbjerg (Socialdemokratiet), Ida Mosegaard (Radikale Venstre), Julie Diederichsen Juhler (Socialdemokratiet), Sørine Rasmussen (Enhedslisten), Anne Katrine Dalsgaard (Socialdemokratiet), Christina Celeste Nielsen (Enhedslisten), Sally Morks (Enhedslisten), Robin Jæger (Enhedslisten), Katrine Isabella Lund (Venstre), Maja Vedel Dyrkjær (Socialdemokratiet), Nilly Taheri (Socialdemokratiet), Ditte Helene Rasmussen (Socialistisk Folkeparti), Julie Ruby (Radikale Venstre), Julie Weile (Socialdemokratiet), Ida Skovgaard (Venstre), Cecilie Jensen (tidl. Radikale Venstre), Sofie Kümpel (Socialdemokratiet), Anne Pilgaard (Socialdemokratiet), Camilla Schwalbe (Socialdemokratiet), Aurora Elizabeth Krasniqi (Socialdemokratiet), Emilie Preuss (Venstre), Jeanne Toxværd (Enhedslisten), Frederikke Smed Mikkelsen (Socialdemokratiet), Sofie Revall (Socialdemokratiet), Johanne Kildesgaard (Enhedslisten), Anna Brændemose (Socialistisk Folkeparti), Amanda Irina Larsen (Socialdemokratiet), Elisabeth Liv Bjerregaard Christensen (Socialdemokratiet), Sidsel Stoustrup (Enhedslisten), Christine Rahr Rasmussen (Venstre), Sofie Berg Axelsen (Socialdemokratiet), Sophia Rosa Almstrup (Enhedslisten), Hildur Hagbarth Johnson (Enhedslisten), Frederikke Møllmann (Socialdemokratiet), Cecilie Sværke Priess (Socialdemokratiet), Sørine Blaaberg Neumann (Socialdemokratiet), Signe Kaulberg (Socialdemokratiet), Kirstine Jansdorf (Enhedslisten), Anastasia Kratschmer (Enhedslisten), Marie Hastrup Brisson (Konservative), Emilie Farø (Tidl. Venstre), Emma Skovgaard Jørgensen (Konservative), Emma Munk (Socialdemokratiet), Emma Kimmer Bønnelykke Nielsen (Socialdemokratiet), Lea Bille Sømod (Konservative), Cecilie Nissen Knudsen (Konservative), Anna Sofie Zaar Hastrup (tidl. Socialdemokratiet), Bolette Aagaard (Socialdemokratiet), Kristine Jonassen (Socialdemokratiet), Sarah Nørris (Enhedslisten), Inger-Kirstine Benzon (Socialistisk Folkeparti), Cea Bæk Iversen (Alternativet), Barbara Eysturoy (tidl. Socialdemokratiet), Dianna Christina Pedersen (Konservative), Julie Frølich (Socialdemokratiet), Josefine Paaske (Venstre), Frederikke Werther (Socialdemokratiet), Mette Knoth (Socialdemokratiet), Freja Hvid Kirchert (Enhedslisten), Tilde Hesteng Byrialsen (Socialdemokratiet), Sigrid Bonfils (Konservative), Mathilde Albæk Lauridsen (Socialdemokratiet), Anne Kristine Baldus (Enhedslisten), Frida Karoline Skytt (Socialdemokratiet), Feodora Wester (Socialdemokratiet), Mathilde Vinther (Enhedslisten), Charlotte Welzel Andersen (Konservative), Astrid (Socialdemokratiet), (Socialdemokratiet), Sara Sørensen (Radikale Venstre), Asta Christensen Otto (Socialistisk Folkeparti), Anna Haugsted Dehn (tidl. Radikale Venstre), Astrid Bisgaard Schmidt (Socialdemokratiet), Maria Pryds Frederiksen (Konservative), Maria Eichhorn (Alternativet), Terese Rønne (tidligere S), Dagmar Gorica Petersen (Radikale Venstre), Cæcilie Andersen (Enhedslisten), Emilie Kirstine Thorgaard Henriksen (Radikale Venstre), Julie Christensen (Konservative), Laura Pedersen (Socialdemokratiet), Line Bak (Konservative), Camilla Dreyer (Konservative), Sisse Marie Welling (Socialistisk Folkeparti), Maja Lorentzen (Venstre), Trine Chilie Thode (Socialistisk Folkeparti), Karin Dinsen (Socialdemokratiet), Charlotte Amalie Frejlev (Konservative), Vibeke Lincke Madsen (Socialdemokratiet), Simone Tofte Jensen (Socialdemokratiet), Marianne Bigum (Socialistisk Folkeparti), Amalie Lund Jensen (Socialistisk Folkeparti), Emma Kimmer Bønnelykke Nielsen (Socialdemokratiet), Camilla Victoria Moll Niemann (Venstre), Rikke From (tidl. Socialdemokratiet), Mette Annelie Rasmussen (Radikale Venstre), Cecilia Lonning-Skovgaard (Venstre), Kristine Kryger (Radikale Venstre), Helene Fagerhøj (Konservative), Ida Heise (Radikale Venstre), Caroline Marie Gehlert Hansen (Radikale Venstre), Line Amrita Andersen (Konservative), Melina Kathrine Andersen (Socialistisk Folkeparti), Line Petersen (Socialistisk Folkeparti), Anja Katrine Søndergaard (Socialistisk Folkeparti), Pernille Knudsen (Enhedslisten),.
Running model on row number 3700 now finished - time in min: 6.7665586511294045
Running model on row number 3800 now finished - time in min: 6.873910744984944
Running model on row number 3800 now finished - time in min: 6.874152040481567
Running model on row number 3800 now finished - time in min: 6.874331839879354
Running model on row number 3900 now finished - time in min: 6.896783701578776
Running model on row number 3900 now finished - time in min: 6.897054553031921
Running model on row number 4000 now finished - time in min: 6.916112581888835
Running model on row number 4100 now finished - time in min: 7.007511643568675
Running model on row number 4200 now finished - time in min: 7.028318305810292
Running model on row number 4300 now finished - time in min: 7.11874357064565
Running model on row number 4300 now finished - time in min: 7.118940099080404
Running model on row number 4400 now finished - time in min: 7.140863172213236
Running model on row number 4500 now finished - time in min: 7.257024347782135
Running model on row number 4600 now finished - time in min: 7.2784455935160315
Running model on row number 4700 now finished - time in min: 7.361854994297028
Running model on row number 4800 now finished - time in min: 7.381221942106882
Running model on row number 4900 now finished - time in min: 7.401740614573161
Running model on row number 4900 now finished - time in min: 7.40192369222641
Running model on row number 5000 now finished - time in min: 7.4889766017595925
Running model on row number 5100 now finished - time in min: 7.509398484230042
Running model on row number 5200 now finished - time in min: 7.592710796991984
Running model on row number 5300 now finished - time in min: 7.614570311705271
Running model on row number 5400 now finished - time in min: 7.687445485591889
Running model on row number 5400 now finished - time in min: 7.687643663088481
Running model on row number 5500 now finished - time in min: 7.708123672008514
Running model on row number 5600 now finished - time in min: 7.728821714719136
Running model on row number 5700 now finished - time in min: 7.820252927144368
Running model on row number 5800 now finished - time in min: 7.841977488994599
Running model on row number 5800 now finished - time in min: 7.8421818296114605
Running model on row number 5900 now finished - time in min: 7.923044462998708
Running model on row number 6000 now finished - time in min: 7.943325074513753
Running model on row number 6100 now finished - time in min: 8.021962265173594
Running model on row number 6200 now finished - time in min: 8.042340397834778
Running model on row number 6300 now finished - time in min: 8.06338509718577
Running model on row number 6400 now finished - time in min: 8.153976448376973
Running model on row number 6500 now finished - time in min: 8.177352968851725
Running model on row number 6500 now finished - time in min: 8.177643883228303
Running model on row number 6600 now finished - time in min: 8.253002305825552
Running model on row number 6700 now finished - time in min: 8.273112471898397
Running model on row number 6800 now finished - time in min: 8.406348772843678
Running model on row number 6900 now finished - time in min: 8.426454710960389
Running model on row number 7000 now finished - time in min: 8.587329324086507
Running model on row number 7100 now finished - time in min: 8.63888814051946
Running model on row number 7200 now finished - time in min: 8.887709907690684
Running model on row number 7300 now finished - time in min: 9.079709923267364
Running model on row number 7300 now finished - time in min: 9.080105272928874
Running model on row number 7300 now finished - time in min: 9.080463071664175
Running model on row number 7300 now finished - time in min: 9.08077965180079
Running model on row number 7300 now finished - time in min: 9.081098930040996
Running model on row number 7300 now finished - time in min: 9.081439789136251
Running model on row number 7400 now finished - time in min: 9.342979482809703
Running model on row number 7500 now finished - time in min: 9.534548763434092
Running model on row number 7600 now finished - time in min: 9.584623098373413
Running model on row number 7600 now finished - time in min: 9.584954186280568
Running model on row number 7600 now finished - time in min: 9.58529454867045
Running model on row number 7600 now finished - time in min: 9.585651703675587
Running model on row number 7600 now finished - time in min: 9.585996186733245
Running model on row number 7600 now finished - time in min: 9.586261109511058
Running model on row number 7700 now finished - time in min: 9.823586781819662
Running model on row number 7800 now finished - time in min: 10.002786115805309
Running model on row number 7900 now finished - time in min: 10.241555221875508
Running model on row number 8000 now finished - time in min: 10.290181303024292
Running model on row number 8100 now finished - time in min: 10.441538047790527
Running model on row number 8200 now finished - time in min: 10.680038861433665
Running model on row number 8300 now finished - time in min: 10.895634627342224
Running model on row number 8400 now finished - time in min: 10.93419957558314
Running model on row number 8500 now finished - time in min: 11.119032116731008
Running model on row number 8500 now finished - time in min: 11.119379560152689
Running model on row number 8500 now finished - time in min: 11.119827540715535
Running model on row number 8500 now finished - time in min: 11.120162494977315
Running model on row number 8500 now finished - time in min: 11.120491202672323
Running model on row number 8500 now finished - time in min: 11.120819660027822
Running model on row number 8500 now finished - time in min: 11.121122312545776
Running model on row number 8500 now finished - time in min: 11.12144312063853
Running model on row number 8500 now finished - time in min: 11.121736351648966
Running model on row number 8500 now finished - time in min: 11.122096343835194
Running model on row number 8500 now finished - time in min: 11.122272074222565
Running model on row number 8600 now finished - time in min: 11.33508232831955
Running model on row number 8700 now finished - time in min: 11.382513264815012
Running model on row number 8800 now finished - time in min: 11.523184665044148
Running model on row number 8900 now finished - time in min: 11.682671352227528
Running model on row number 9000 now finished - time in min: 11.718373934427897
Running model on row number 9100 now finished - time in min: 11.88981482187907
Running model on row number 9200 now finished - time in min: 11.927993162473042
Running model on row number 9300 now finished - time in min: 12.081912549336751
Running model on row number 9400 now finished - time in min: 12.249573234717051
Running model on row number 9500 now finished - time in min: 12.283680502573649
Running model on row number 9600 now finished - time in min: 12.4525364001592
Running model on row number 9700 now finished - time in min: 12.48926892677943
Running model on row number 9800 now finished - time in min: 12.641559362411499
Running model on row number 9900 now finished - time in min: 12.669888118902842
Running model on row number 9900 now finished - time in min: 12.670199314753214
Running model on row number 9900 now finished - time in min: 12.670575535297393
Running model on row number 9900 now finished - time in min: 12.670934398969015
Running model on row number 9900 now finished - time in min: 12.671219952901204
Running model on row number 9900 now finished - time in min: 12.671549979845683
Running model on row number 10000 now finished - time in min: 12.723539078235627
Running model on row number 10100 now finished - time in min: 12.740139710903168
Running model on row number 10200 now finished - time in min: 12.792821617921193
Running model on row number 10300 now finished - time in min: 12.810183000564574
Running model on row number 10400 now finished - time in min: 12.827566134929658
Running model on row number 10500 now finished - time in min: 12.876315661271413
Running model on row number 10600 now finished - time in min: 12.894303568204244
Running model on row number 10700 now finished - time in min: 12.944452468554179
Running model on row number 10800 now finished - time in min: 12.961458770434062
Running model on row number 10900 now finished - time in min: 12.977905031045278
Running model on row number 11000 now finished - time in min: 13.03070460955302
Running model on row number 11100 now finished - time in min: 13.047666764259338
Running model on row number 11200 now finished - time in min: 13.097020292282105
Running model on row number 11300 now finished - time in min: 13.11355553070704
Running model on row number 11400 now finished - time in min: 13.129825290044149
Running model on row number 11500 now finished - time in min: 13.181255173683166
Running model on row number 11600 now finished - time in min: 13.197210069497427
Running model on row number 11700 now finished - time in min: 13.245283945401509
Running model on row number 11800 now finished - time in min: 13.262344861030579
Running model on row number 11900 now finished - time in min: 13.27804788351059
Running model on row number 12000 now finished - time in min: 13.32539800008138
Running model on row number 12100 now finished - time in min: 13.341418770949046
Running model on row number 12200 now finished - time in min: 13.35750864346822
Running model on row number 12300 now finished - time in min: 13.404397745927175
Running model on row number 12400 now finished - time in min: 13.42043184041977
Running model on row number 12500 now finished - time in min: 13.468532633781432
Running model on row number 12600 now finished - time in min: 13.48503428697586
Running model on row number 12700 now finished - time in min: 13.501025978724162
Running model on row number 12800 now finished - time in min: 13.545170533657075
Running model on row number 12900 now finished - time in min: 13.561217522621154
Running model on row number 13000 now finished - time in min: 13.610178510348002
Running model on row number 13100 now finished - time in min: 13.62759302854538
Running model on row number 13200 now finished - time in min: 13.6447785337766
Running model on row number 13300 now finished - time in min: 13.688996247450511
Running model on row number 13400 now finished - time in min: 13.705486877759297
Running model on row number 13500 now finished - time in min: 13.754941960175833
Running model on row number 13600 now finished - time in min: 13.77303140560786
Running model on row number 13700 now finished - time in min: 13.790447103977204
Running model on row number 13800 now finished - time in min: 13.83999267021815
Running model on row number 13900 now finished - time in min: 13.8576473514239
Running model on row number 14000 now finished - time in min: 13.907195369402567
Running model on row number 14100 now finished - time in min: 13.923900322119396
Running model on row number 14200 now finished - time in min: 13.94038382768631
Running model on row number 14300 now finished - time in min: 13.989051536719005
Running model on row number 14400 now finished - time in min: 14.006345733006794
Running model on row number 14500 now finished - time in min: 14.023380585511525
Running model on row number 14600 now finished - time in min: 14.069600745042164
Running model on row number 14700 now finished - time in min: 14.087038612365722
Running model on row number 14800 now finished - time in min: 14.142411402861278
Running model on row number 14900 now finished - time in min: 14.159457536538442
Running model on row number 15000 now finished - time in min: 14.176284221808116
Running model on row number 15100 now finished - time in min: 14.386447747548422
Running model on row number 15200 now finished - time in min: 14.57440707286199
Running model on row number 15300 now finished - time in min: 14.619289859135945
Running model on row number 15400 now finished - time in min: 14.849517146746317
Running model on row number 15500 now finished - time in min: 15.044221262137095
Running model on row number 15600 now finished - time in min: 15.09191692272822
Running model on row number 15700 now finished - time in min: 15.32413818438848
Running model on row number 15800 now finished - time in min: 15.55075936317444
Running model on row number 15900 now finished - time in min: 15.72828950881958
Running model on row number 15900 now finished - time in min: 15.728572130203247
Running model on row number 15900 now finished - time in min: 15.72896840174993
Running model on row number 15900 now finished - time in min: 15.729202469189962
Running model on row number 16000 now finished - time in min: 15.77033825715383
Running model on row number 16100 now finished - time in min: 15.969501189390819
Running model on row number 16200 now finished - time in min: 16.112420411904655
Running model on row number 16300 now finished - time in min: 16.150943251450858
Running model on row number 16400 now finished - time in min: 16.337336452802024
Running model on row number 16400 now finished - time in min: 16.337552313009898
Running model on row number 16500 now finished - time in min: 16.37366506656011
Running model on row number 16600 now finished - time in min: 16.56018582979838
Running model on row number 16700 now finished - time in min: 16.59828999439875
Running model on row number 16800 now finished - time in min: 16.75421877702077
Running model on row number 16900 now finished - time in min: 16.94172873099645
Running model on row number 17000 now finished - time in min: 16.98041114807129
Running model on row number 17100 now finished - time in min: 17.17137770652771
Running model on row number 17200 now finished - time in min: 17.20478081703186
Running model on row number 17300 now finished - time in min: 17.360594856739045
Running model on row number 17400 now finished - time in min: 17.541003978252412
Running model on row number 17500 now finished - time in min: 17.576314771175383
Running model on row number 17600 now finished - time in min: 17.78034717241923
Running model on row number 17600 now finished - time in min: 17.780724783738453
Running model on row number 17600 now finished - time in min: 17.781113437811534
Running model on row number 17600 now finished - time in min: 17.781446691354116
Running model on row number 17600 now finished - time in min: 17.78181816736857
Running model on row number 17600 now finished - time in min: 17.781978058815003
Running model on row number 17700 now finished - time in min: 17.948356302579246
Running model on row number 17800 now finished - time in min: 17.98779549996058
Running model on row number 17900 now finished - time in min: 18.195483990510304
Running model on row number 18000 now finished - time in min: 18.234228110313417
Running model on row number 18100 now finished - time in min: 18.40925635099411
Running model on row number 18200 now finished - time in min: 18.53104125658671
Running model on row number 18300 now finished - time in min: 18.555790249506632
Running model on row number 18400 now finished - time in min: 18.628042618433636
Running model on row number 18500 now finished - time in min: 18.64810918569565
Running model on row number 18600 now finished - time in min: 18.666438563664755
Running model on row number 18700 now finished - time in min: 18.74476468960444
Running model on row number 18800 now finished - time in min: 18.76413538455963
Running model on row number 18900 now finished - time in min: 18.83897420565287
Running model on row number 19000 now finished - time in min: 18.858674224217733
Running model on row number 19100 now finished - time in min: 18.931505997975666
Running model on row number 19100 now finished - time in min: 18.93170641263326
Running model on row number 19200 now finished - time in min: 18.950172984600066
Running model on row number 19300 now finished - time in min: 18.968839494387307
Running model on row number 19300 now finished - time in min: 18.96900159517924
Running model on row number 19400 now finished - time in min: 19.03921906153361
Running model on row number 19500 now finished - time in min: 19.0580170472463
Running model on row number 19600 now finished - time in min: 19.12871596813202
Running model on row number 19700 now finished - time in min: 19.148318990071616
Running model on row number 19800 now finished - time in min: 19.168005593617757
Running model on row number 19900 now finished - time in min: 19.235170050462088
Running model on row number 20000 now finished - time in min: 19.25349335273107
Running model on row number 20100 now finished - time in min: 19.331405528386433
Running model on row number 20100 now finished - time in min: 19.331580102443695
Running model on row number 20200 now finished - time in min: 19.352216390768685
Running model on row number 20300 now finished - time in min: 19.370412329832714
Running model on row number 20400 now finished - time in min: 19.437807273864745
Running model on row number 20500 now finished - time in min: 19.45607310930888
Running model on row number 20600 now finished - time in min: 19.52489684422811
Running model on row number 20700 now finished - time in min: 19.543264043331146
Running model on row number 20800 now finished - time in min: 19.60733605623245
Running model on row number 20900 now finished - time in min: 19.62560430367788
Running model on row number 21000 now finished - time in min: 19.644520099957784
Running model on row number 21100 now finished - time in min: 19.717404727141062
Running model on row number 21200 now finished - time in min: 19.73636662165324
Running model on row number 21300 now finished - time in min: 19.800479125976562
Running model on row number 21400 now finished - time in min: 19.819147650400797
Running model on row number 21500 now finished - time in min: 19.83753834962845
Running model on row number 21600 now finished - time in min: 19.896780121326447
Running model on row number 21700 now finished - time in min: 19.91400622924169
Running model on row number 21800 now finished - time in min: 19.981763247648875
Running model on row number 21900 now finished - time in min: 20.000512170791627
Running model on row number 21900 now finished - time in min: 20.00068930387497
Running model on row number 22000 now finished - time in min: 20.018192239602406
Running model on row number 22100 now finished - time in min: 20.075047047932944
Running model on row number 22200 now finished - time in min: 20.092232831319173
Running model on row number 22300 now finished - time in min: 20.157023890813193
Running model on row number 22400 now finished - time in min: 20.177274294694264
Running model on row number 22500 now finished - time in min: 20.19476728439331
Running model on row number 22600 now finished - time in min: 20.258476491769155
Running model on row number 22700 now finished - time in min: 20.27649875084559
Running model on row number 22800 now finished - time in min: 20.345266695817312
Running model on row number 22900 now finished - time in min: 20.36484076976776
Running model on row number 23000 now finished - time in min: 20.42681866089503
Running model on row number 23100 now finished - time in min: 20.446088381608327
Running model on row number 23200 now finished - time in min: 20.464323389530183
Running model on row number 23300 now finished - time in min: 20.53237841129303
Running model on row number 23400 now finished - time in min: 20.55213584502538
Running model on row number 23500 now finished - time in min: 20.61779462893804
Running model on row number 23600 now finished - time in min: 20.63697199424108
Running model on row number 23700 now finished - time in min: 20.65580799182256
Running model on row number 23800 now finished - time in min: 20.72027209599813
Running model on row number 23900 now finished - time in min: 20.738110355536143
Running model on row number 24000 now finished - time in min: 20.798429942131044
Running model on row number 24100 now finished - time in min: 20.81722094217936
Running model on row number 24200 now finished - time in min: 20.83429056406021
Running model on row number 24300 now finished - time in min: 20.89549897114436
Running model on row number 24400 now finished - time in min: 20.91212579011917
Running model on row number 24500 now finished - time in min: 20.97514487504959
Running model on row number 24600 now finished - time in min: 20.993553694089254
Running model on row number 24700 now finished - time in min: 21.012463025252025
Running model on row number 24800 now finished - time in min: 21.081820770104727
Running model on row number 24900 now finished - time in min: 21.09936890602112
Running model on row number 25000 now finished - time in min: 21.16448533932368
Running model on row number 25000 now finished - time in min: 21.164678637186686
Running model on row number 25100 now finished - time in min: 21.182817149162293
Running model on row number 25200 now finished - time in min: 21.24688853820165
Running model on row number 25300 now finished - time in min: 21.265687143802644
Running model on row number 25400 now finished - time in min: 21.283008591334024
Running model on row number 25500 now finished - time in min: 21.350913735230765
Running model on row number 25500 now finished - time in min: 21.35109816392263
Running model on row number 25600 now finished - time in min: 21.37065593401591
Running model on row number 25700 now finished - time in min: 21.44892494281133
Running model on row number 25800 now finished - time in min: 21.46784746249517
Running model on row number 25900 now finished - time in min: 21.487760563691456
Running model on row number 26000 now finished - time in min: 21.60165056784948
Running model on row number 26100 now finished - time in min: 21.62590286334356
Running model on row number 26200 now finished - time in min: 21.722170277436575
Running model on row number 26300 now finished - time in min: 21.744477212429047
Running model on row number 26300 now finished - time in min: 21.744682017962138
Running model on row number 26400 now finished - time in min: 21.813279163837432
Running model on row number 26500 now finished - time in min: 21.83254004319509
Running model on row number 26600 now finished - time in min: 21.851472059885662
Running model on row number 26700 now finished - time in min: 21.95174865325292
Running model on row number 26800 now finished - time in min: 21.974703447024027
Running model on row number 26900 now finished - time in min: 22.05838226477305
Running model on row number 27000 now finished - time in min: 22.079682274659476
Running model on row number 27100 now finished - time in min: 22.180855250358583
Running model on row number 27200 now finished - time in min: 22.201532777150472
Running model on row number 27300 now finished - time in min: 22.22323722044627
Running model on row number 27400 now finished - time in min: 22.316693301995596
Running model on row number 27400 now finished - time in min: 22.31693437496821
Running model on row number 27500 now finished - time in min: 22.33597361644109
Running model on row number 27600 now finished - time in min: 22.439205837249755
Running model on row number 27600 now finished - time in min: 22.439533480008443
Running model on row number 27600 now finished - time in min: 22.439912537733715
Running model on row number 27600 now finished - time in min: 22.440193621317544
Running model on row number 27700 now finished - time in min: 22.461556975046793
Running model on row number 27800 now finished - time in min: 22.558242523670195
Running model on row number 27900 now finished - time in min: 22.580311580499014
Running model on row number 28000 now finished - time in min: 22.67125833829244
Running model on row number 28100 now finished - time in min: 22.691928323109945
Running model on row number 28200 now finished - time in min: 22.711653884251913
Running model on row number 28300 now finished - time in min: 22.791708131631214
Running model on row number 28400 now finished - time in min: 22.81246850093206
Running model on row number 28500 now finished - time in min: 22.90114321708679
Running model on row number 28600 now finished - time in min: 22.92330029408137
Running model on row number 28700 now finished - time in min: 23.006223781903586
Running model on row number 28800 now finished - time in min: 23.027382290363313
Running model on row number 28900 now finished - time in min: 23.047146844863892
Running model on row number 29000 now finished - time in min: 23.115286521116893
Running model on row number 29100 now finished - time in min: 23.135293499628702
Running model on row number 29200 now finished - time in min: 23.216362146536508
Running model on row number 29300 now finished - time in min: 23.234951055049898
Running model on row number 29400 now finished - time in min: 23.255060199896494
Running model on row number 29400 now finished - time in min: 23.25524105230967
Running model on row number 29500 now finished - time in min: 23.35175898472468
Running model on row number 29600 now finished - time in min: 23.373087211449942
Running model on row number 29700 now finished - time in min: 23.456192791461945
Running model on row number 29800 now finished - time in min: 23.476283502578735
Running model on row number 29900 now finished - time in min: 23.538214747111002
Running model on row number 30000 now finished - time in min: 23.559082488218944
Running model on row number 30000 now finished - time in min: 23.55928156375885
total time spent is 23.688838720321655 minutes
